<?xml version="1.0" encoding="utf-8"?>
<TestRun id="495d7a22-bb6a-49c4-9ea4-c8abd8bf42f0" name="chidu@KING_VINCENZO 2026-09-20 12:34:58" runUser="KING_VINCENZO\chidu" xmlns="http://microsoft.com/schemas/VisualStudio/TeamTest/2010">
  <Times creation="2026-09-20T12:34:58.9205545+01:00" queuing="2026-09-20T12:34:58.9205566+01:00" start="2026-09-20T12:33:30.2100378+01:00" finish="2026-09-20T12:35:10.6601293+01:00" />
  <TestSettings name="default" id="e10f14b9-9860-47c2-9935-f1c5fdb018e0">
    <Deployment runDeploymentRoot="chidu_KING_VINCENZO_2026-09-20_12_34_58" />
  </TestSettings>
  <Results>
    <UnitTestResult executionId="98484129-9297-4736-8a2c-ed28fd166c47" testId="53fbfc2b-20af-c8e1-3b99-2905da55bc14" testName="EduTracker.Api.IntegrationTests.AuthorizationTests.DeleteOrganization_AsNonOwner_Returns403" computerName="KING_VINCENZO" duration="00:00:00.0010000" startTime="2026-09-20T12:34:58.5407361+01:00" endTime="2026-09-20T12:34:58.5407366+01:00" testType="13cdc9d9-ddb5-4fa4-a97d-d965ccfc6d4b" outcome="Failed" testListId="8c84fa94-04c1-424b-9868-57a2d4851a1d" relativeResultsDirectory="98484129-9297-4736-8a2c-ed28fd166c47">
      <Output>
        <ErrorInfo>
          <Message>DotNet.Testcontainers.Builders.DockerUnavailableException : Docker is either not running or misconfigured. Please ensure that Docker is running and that the endpoint is properly configured.&#xD;
You can customize your configuration using either the environment variables or the ~/.testcontainers.properties file.&#xD;
For more information, visit: https://dotnet.testcontainers.org/custom_configuration/.&#xD;
  Details: &#xD;
    Failed to connect to Docker endpoint at 'npipe://./pipe/docker_engine'.&#xD;
---- System.AggregateException : One or more errors occurred. (Failed to connect to Docker endpoint at 'npipe://./pipe/docker_engine'.)&#xD;
-------- DotNet.Testcontainers.Builders.DockerUnavailableException : Failed to connect to Docker endpoint at 'npipe://./pipe/docker_engine'.&#xD;
------------ System.TimeoutException : The operation has timed out.</Message>
          <StackTrace>   at DotNet.Testcontainers.Guard.ThrowIf[TType](ArgumentInfo`1&amp; argument, Func`2 condition, Func`2 ifClause) in /_/src/Testcontainers/Guard.Null.cs:line 62&#xD;
   at DotNet.Testcontainers.Builders.AbstractBuilder`4.Validate() in /_/src/Testcontainers/Builders/AbstractBuilder`4.cs:line 153&#xD;
   at DotNet.Testcontainers.Builders.ContainerBuilder`3.Validate() in /_/src/Testcontainers/Builders/ContainerBuilder`3.cs:line 497&#xD;
   at Testcontainers.PostgreSql.PostgreSqlBuilder.Validate() in /_/src/Testcontainers.PostgreSql/PostgreSqlBuilder.cs:line 173&#xD;
   at Testcontainers.PostgreSql.PostgreSqlBuilder.Build() in /_/src/Testcontainers.PostgreSql/PostgreSqlBuilder.cs:line 147&#xD;
   at EduTracker.Api.IntegrationTests.EduTrackerAppFactory..ctor() in C:\Users\chidu\OneDrive\Documents\GitHub\edutracker\backend\EduTracker.Api.IntegrationTests\EduTrackerAppFactory.cs:line 15&#xD;
   at System.Reflection.MethodBaseInvoker.InterpretedInvoke_Constructor(Object obj, IntPtr* args)&#xD;
   at System.Reflection.MethodBaseInvoker.InvokeWithNoArgs(Object obj, BindingFlags invokeAttr)&#xD;
----- Inner Stack Trace -----&#xD;
&#xD;
----- Inner Stack Trace -----&#xD;
&#xD;
----- Inner Stack Trace -----&#xD;
   at System.IO.Pipes.NamedPipeClientStream.ConnectInternal(Int32 timeout, CancellationToken cancellationToken, Int32 startTime)&#xD;
   at System.Threading.ExecutionContext.RunFromThreadPoolDispatchLoop(Thread threadPoolThread, ExecutionContext executionContext, ContextCallback callback, Object state)&#xD;
--- End of stack trace from previous location ---&#xD;
   at System.Threading.ExecutionContext.RunFromThreadPoolDispatchLoop(Thread threadPoolThread, ExecutionContext executionContext, ContextCallback callback, Object state)&#xD;
   at System.Threading.Tasks.Task.ExecuteWithThreadLocal(Task&amp; currentTaskSlot, Thread threadPoolThread)&#xD;
--- End of stack trace from previous location ---&#xD;
   at Docker.DotNet.NPipe.DockerHandlerFactory.&lt;&gt;c__DisplayClass5_0.&lt;&lt;CreateHandler&gt;b__0&gt;d.MoveNext() in /_/src/Docker.DotNet.NPipe/DockerHandlerFactory.cs:line 58&#xD;
--- End of stack trace from previous location ---&#xD;
   at Microsoft.Net.Http.Client.ManagedHandler.ProcessRequestAsync(HttpRequestMessage request, CancellationToken cancellationToken) in /_/src/Microsoft.Net.Http.Client/ManagedHandler.cs:line 158&#xD;
   at Microsoft.Net.Http.Client.ManagedHandler.SendAsync(HttpRequestMessage httpRequestMessage, CancellationToken cancellationToken) in /_/src/Microsoft.Net.Http.Client/ManagedHandler.cs:line 75&#xD;
   at System.Net.Http.HttpClient.&lt;SendAsync&gt;g__Core|83_0(HttpRequestMessage request, HttpCompletionOption completionOption, CancellationTokenSource cts, Boolean disposeCts, CancellationTokenSource pendingRequestsCts, CancellationToken originalCancellationToken)&#xD;
   at Docker.DotNet.DockerClient.PrivateMakeRequestAsync(TimeSpan timeout, HttpCompletionOption completionOption, HttpMethod method, String path, IQueryString queryString, IDictionary`2 headers, IRequestContent data, CancellationToken cancellationToken) in /_/src/Docker.DotNet/DockerClient.cs:line 393&#xD;
   at Docker.DotNet.DockerClient.MakeRequestAsync[T](IEnumerable`1 errorHandlers, HttpMethod method, String path, IQueryString queryString, IRequestContent body, IDictionary`2 headers, TimeSpan timeout, CancellationToken cancellationToken) in /_/src/Docker.DotNet/DockerClient.cs:line 173&#xD;
   at Docker.DotNet.SystemOperations.PingAsync(CancellationToken cancellationToken) in /_/src/Docker.DotNet/Endpoints/SystemOperations.cs:line 33&#xD;
   at DotNet.Testcontainers.Builders.DockerEndpointAuthenticationProvider.&lt;&gt;c__DisplayClass5_0.&lt;&lt;IsAvailable&gt;b__0&gt;d.MoveNext() in /_/src/Testcontainers/Builders/DockerEndpointAuthenticationProvider.cs:line 46</StackTrace>
        </ErrorInfo>
      </Output>
    </UnitTestResult>
    <UnitTestResult executionId="5ff076ba-5fd2-49b2-9d42-7488897c98b4" testId="49655734-75ce-c574-8b46-add9ccebe193" testName="EduTracker.Api.IntegrationTests.AuthTests.Login_ByUserName_Succeeds" computerName="KING_VINCENZO" duration="00:00:00.0010000" startTime="2026-09-20T12:34:58.7922898+01:00" endTime="2026-09-20T12:34:58.7922910+01:00" testType="13cdc9d9-ddb5-4fa4-a97d-d965ccfc6d4b" outcome="Failed" testListId="8c84fa94-04c1-424b-9868-57a2d4851a1d" relativeResultsDirectory="5ff076ba-5fd2-49b2-9d42-7488897c98b4">
      <Output>
        <ErrorInfo>
          <Message>DotNet.Testcontainers.Builders.DockerUnavailableException : Docker is either not running or misconfigured. Please ensure that Docker is running and that the endpoint is properly configured.&#xD;
You can customize your configuration using either the environment variables or the ~/.testcontainers.properties file.&#xD;
For more information, visit: https://dotnet.testcontainers.org/custom_configuration/.&#xD;
  Details: &#xD;
    Failed to connect to Docker endpoint at 'npipe://./pipe/docker_engine'.&#xD;
---- System.AggregateException : One or more errors occurred. (Failed to connect to Docker endpoint at 'npipe://./pipe/docker_engine'.)&#xD;
-------- DotNet.Testcontainers.Builders.DockerUnavailableException : Failed to connect to Docker endpoint at 'npipe://./pipe/docker_engine'.&#xD;
------------ System.TimeoutException : The operation has timed out.</Message>
          <StackTrace>   at DotNet.Testcontainers.Guard.ThrowIf[TType](ArgumentInfo`1&amp; argument, Func`2 condition, Func`2 ifClause) in /_/src/Testcontainers/Guard.Null.cs:line 62&#xD;
   at DotNet.Testcontainers.Builders.AbstractBuilder`4.Validate() in /_/src/Testcontainers/Builders/AbstractBuilder`4.cs:line 153&#xD;
   at DotNet.Testcontainers.Builders.ContainerBuilder`3.Validate() in /_/src/Testcontainers/Builders/ContainerBuilder`3.cs:line 497&#xD;
   at Testcontainers.PostgreSql.PostgreSqlBuilder.Validate() in /_/src/Testcontainers.PostgreSql/PostgreSqlBuilder.cs:line 173&#xD;
   at Testcontainers.PostgreSql.PostgreSqlBuilder.Build() in /_/src/Testcontainers.PostgreSql/PostgreSqlBuilder.cs:line 147&#xD;
   at EduTracker.Api.IntegrationTests.EduTrackerAppFactory..ctor() in C:\Users\chidu\OneDrive\Documents\GitHub\edutracker\backend\EduTracker.Api.IntegrationTests\EduTrackerAppFactory.cs:line 15&#xD;
   at System.Reflection.MethodBaseInvoker.InterpretedInvoke_Constructor(Object obj, IntPtr* args)&#xD;
   at System.Reflection.MethodBaseInvoker.InvokeWithNoArgs(Object obj, BindingFlags invokeAttr)&#xD;
----- Inner Stack Trace -----&#xD;
&#xD;
----- Inner Stack Trace -----&#xD;
&#xD;
----- Inner Stack Trace -----&#xD;
   at System.IO.Pipes.NamedPipeClientStream.ConnectInternal(Int32 timeout, CancellationToken cancellationToken, Int32 startTime)&#xD;
   at System.Threading.ExecutionContext.RunFromThreadPoolDispatchLoop(Thread threadPoolThread, ExecutionContext executionContext, ContextCallback callback, Object state)&#xD;
--- End of stack trace from previous location ---&#xD;
   at System.Threading.ExecutionContext.RunFromThreadPoolDispatchLoop(Thread threadPoolThread, ExecutionContext executionContext, ContextCallback callback, Object state)&#xD;
   at System.Threading.Tasks.Task.ExecuteWithThreadLocal(Task&amp; currentTaskSlot, Thread threadPoolThread)&#xD;
--- End of stack trace from previous location ---&#xD;
   at Docker.DotNet.NPipe.DockerHandlerFactory.&lt;&gt;c__DisplayClass5_0.&lt;&lt;CreateHandler&gt;b__0&gt;d.MoveNext() in /_/src/Docker.DotNet.NPipe/DockerHandlerFactory.cs:line 58&#xD;
--- End of stack trace from previous location ---&#xD;
   at Microsoft.Net.Http.Client.ManagedHandler.ProcessRequestAsync(HttpRequestMessage request, CancellationToken cancellationToken) in /_/src/Microsoft.Net.Http.Client/ManagedHandler.cs:line 158&#xD;
   at Microsoft.Net.Http.Client.ManagedHandler.SendAsync(HttpRequestMessage httpRequestMessage, CancellationToken cancellationToken) in /_/src/Microsoft.Net.Http.Client/ManagedHandler.cs:line 75&#xD;
   at System.Net.Http.HttpClient.&lt;SendAsync&gt;g__Core|83_0(HttpRequestMessage request, HttpCompletionOption completionOption, CancellationTokenSource cts, Boolean disposeCts, CancellationTokenSource pendingRequestsCts, CancellationToken originalCancellationToken)&#xD;
   at Docker.DotNet.DockerClient.PrivateMakeRequestAsync(TimeSpan timeout, HttpCompletionOption completionOption, HttpMethod method, String path, IQueryString queryString, IDictionary`2 headers, IRequestContent data, CancellationToken cancellationToken) in /_/src/Docker.DotNet/DockerClient.cs:line 393&#xD;
   at Docker.DotNet.DockerClient.MakeRequestAsync[T](IEnumerable`1 errorHandlers, HttpMethod method, String path, IQueryString queryString, IRequestContent body, IDictionary`2 headers, TimeSpan timeout, CancellationToken cancellationToken) in /_/src/Docker.DotNet/DockerClient.cs:line 173&#xD;
   at Docker.DotNet.SystemOperations.PingAsync(CancellationToken cancellationToken) in /_/src/Docker.DotNet/Endpoints/SystemOperations.cs:line 33&#xD;
   at DotNet.Testcontainers.Builders.DockerEndpointAuthenticationProvider.&lt;&gt;c__DisplayClass5_0.&lt;&lt;IsAvailable&gt;b__0&gt;d.MoveNext() in /_/src/Testcontainers/Builders/DockerEndpointAuthenticationProvider.cs:line 46</StackTrace>
        </ErrorInfo>
      </Output>
    </UnitTestResult>
    <UnitTestResult executionId="dec8101d-23df-4d45-ac64-6fa9d0f453d0" testId="b3c37448-f95d-95be-1dd5-75691f133310" testName="EduTracker.Api.IntegrationTests.UniqueIndexTests.Register_DuplicateEmail_Returns409" computerName="KING_VINCENZO" duration="00:00:00.0010000" startTime="2026-09-20T12:34:58.9589763+01:00" endTime="2026-09-20T12:34:58.9589766+01:00" testType="13cdc9d9-ddb5-4fa4-a97d-d965ccfc6d4b" outcome="Failed" testListId="8c84fa94-04c1-424b-9868-57a2d4851a1d" relativeResultsDirectory="dec8101d-23df-4d45-ac64-6fa9d0f453d0">
      <Output>
        <ErrorInfo>
          <Message>DotNet.Testcontainers.Builders.DockerUnavailableException : Docker is either not running or misconfigured. Please ensure that Docker is running and that the endpoint is properly configured.&#xD;
You can customize your configuration using either the environment variables or the ~/.testcontainers.properties file.&#xD;
For more information, visit: https://dotnet.testcontainers.org/custom_configuration/.&#xD;
  Details: &#xD;
    Failed to connect to Docker endpoint at 'npipe://./pipe/docker_engine'.&#xD;
---- System.AggregateException : One or more errors occurred. (Failed to connect to Docker endpoint at 'npipe://./pipe/docker_engine'.)&#xD;
-------- DotNet.Testcontainers.Builders.DockerUnavailableException : Failed to connect to Docker endpoint at 'npipe://./pipe/docker_engine'.&#xD;
------------ System.TimeoutException : The operation has timed out.</Message>
          <StackTrace>   at DotNet.Testcontainers.Guard.ThrowIf[TType](ArgumentInfo`1&amp; argument, Func`2 condition, Func`2 ifClause) in /_/src/Testcontainers/Guard.Null.cs:line 62&#xD;
   at DotNet.Testcontainers.Builders.AbstractBuilder`4.Validate() in /_/src/Testcontainers/Builders/AbstractBuilder`4.cs:line 153&#xD;
   at DotNet.Testcontainers.Builders.ContainerBuilder`3.Validate() in /_/src/Testcontainers/Builders/ContainerBuilder`3.cs:line 497&#xD;
   at Testcontainers.PostgreSql.PostgreSqlBuilder.Validate() in /_/src/Testcontainers.PostgreSql/PostgreSqlBuilder.cs:line 173&#xD;
   at Testcontainers.PostgreSql.PostgreSqlBuilder.Build() in /_/src/Testcontainers.PostgreSql/PostgreSqlBuilder.cs:line 147&#xD;
   at EduTracker.Api.IntegrationTests.EduTrackerAppFactory..ctor() in C:\Users\chidu\OneDrive\Documents\GitHub\edutracker\backend\EduTracker.Api.IntegrationTests\EduTrackerAppFactory.cs:line 15&#xD;
   at System.Reflection.MethodBaseInvoker.InterpretedInvoke_Constructor(Object obj, IntPtr* args)&#xD;
   at System.Reflection.MethodBaseInvoker.InvokeWithNoArgs(Object obj, BindingFlags invokeAttr)&#xD;
----- Inner Stack Trace -----&#xD;
&#xD;
----- Inner Stack Trace -----&#xD;
&#xD;
----- Inner Stack Trace -----&#xD;
   at System.IO.Pipes.NamedPipeClientStream.ConnectInternal(Int32 timeout, CancellationToken cancellationToken, Int32 startTime)&#xD;
   at System.Threading.ExecutionContext.RunFromThreadPoolDispatchLoop(Thread threadPoolThread, ExecutionContext executionContext, ContextCallback callback, Object state)&#xD;
--- End of stack trace from previous location ---&#xD;
   at System.Threading.ExecutionContext.RunFromThreadPoolDispatchLoop(Thread threadPoolThread, ExecutionContext executionContext, ContextCallback callback, Object state)&#xD;
   at System.Threading.Tasks.Task.ExecuteWithThreadLocal(Task&amp; currentTaskSlot, Thread threadPoolThread)&#xD;
--- End of stack trace from previous location ---&#xD;
   at Docker.DotNet.NPipe.DockerHandlerFactory.&lt;&gt;c__DisplayClass5_0.&lt;&lt;CreateHandler&gt;b__0&gt;d.MoveNext() in /_/src/Docker.DotNet.NPipe/DockerHandlerFactory.cs:line 58&#xD;
--- End of stack trace from previous location ---&#xD;
   at Microsoft.Net.Http.Client.ManagedHandler.ProcessRequestAsync(HttpRequestMessage request, CancellationToken cancellationToken) in /_/src/Microsoft.Net.Http.Client/ManagedHandler.cs:line 158&#xD;
   at Microsoft.Net.Http.Client.ManagedHandler.SendAsync(HttpRequestMessage httpRequestMessage, CancellationToken cancellationToken) in /_/src/Microsoft.Net.Http.Client/ManagedHandler.cs:line 75&#xD;
   at System.Net.Http.HttpClient.&lt;SendAsync&gt;g__Core|83_0(HttpRequestMessage request, HttpCompletionOption completionOption, CancellationTokenSource cts, Boolean disposeCts, CancellationTokenSource pendingRequestsCts, CancellationToken originalCancellationToken)&#xD;
   at Docker.DotNet.DockerClient.PrivateMakeRequestAsync(TimeSpan timeout, HttpCompletionOption completionOption, HttpMethod method, String path, IQueryString queryString, IDictionary`2 headers, IRequestContent data, CancellationToken cancellationToken) in /_/src/Docker.DotNet/DockerClient.cs:line 393&#xD;
   at Docker.DotNet.DockerClient.MakeRequestAsync[T](IEnumerable`1 errorHandlers, HttpMethod method, String path, IQueryString queryString, IRequestContent body, IDictionary`2 headers, TimeSpan timeout, CancellationToken cancellationToken) in /_/src/Docker.DotNet/DockerClient.cs:line 173&#xD;
   at Docker.DotNet.SystemOperations.PingAsync(CancellationToken cancellationToken) in /_/src/Docker.DotNet/Endpoints/SystemOperations.cs:line 33&#xD;
   at DotNet.Testcontainers.Builders.DockerEndpointAuthenticationProvider.&lt;&gt;c__DisplayClass5_0.&lt;&lt;IsAvailable&gt;b__0&gt;d.MoveNext() in /_/src/Testcontainers/Builders/DockerEndpointAuthenticationProvider.cs:line 46</StackTrace>
        </ErrorInfo>
      </Output>
    </UnitTestResult>
    <UnitTestResult executionId="671b067b-c0c2-43c3-b73b-fba12fc979d1" testId="d12d8cfc-8f3e-eae5-9cc3-6e697455c9f4" testName="EduTracker.Api.IntegrationTests.CrossOrganizationIsolationTests.GetOrganization_ByOwner_Succeeds" computerName="KING_VINCENZO" duration="00:00:00.0010000" startTime="2026-09-20T12:34:58.8777602+01:00" endTime="2026-09-20T12:34:58.8777605+01:00" testType="13cdc9d9-ddb5-4fa4-a97d-d965ccfc6d4b" outcome="Failed" testListId="8c84fa94-04c1-424b-9868-57a2d4851a1d" relativeResultsDirectory="671b067b-c0c2-43c3-b73b-fba12fc979d1">
      <Output>
        <ErrorInfo>
          <Message>DotNet.Testcontainers.Builders.DockerUnavailableException : Docker is either not running or misconfigured. Please ensure that Docker is running and that the endpoint is properly configured.&#xD;
You can customize your configuration using either the environment variables or the ~/.testcontainers.properties file.&#xD;
For more information, visit: https://dotnet.testcontainers.org/custom_configuration/.&#xD;
  Details: &#xD;
    Failed to connect to Docker endpoint at 'npipe://./pipe/docker_engine'.&#xD;
---- System.AggregateException : One or more errors occurred. (Failed to connect to Docker endpoint at 'npipe://./pipe/docker_engine'.)&#xD;
-------- DotNet.Testcontainers.Builders.DockerUnavailableException : Failed to connect to Docker endpoint at 'npipe://./pipe/docker_engine'.&#xD;
------------ System.TimeoutException : The operation has timed out.</Message>
          <StackTrace>   at DotNet.Testcontainers.Guard.ThrowIf[TType](ArgumentInfo`1&amp; argument, Func`2 condition, Func`2 ifClause) in /_/src/Testcontainers/Guard.Null.cs:line 62&#xD;
   at DotNet.Testcontainers.Builders.AbstractBuilder`4.Validate() in /_/src/Testcontainers/Builders/AbstractBuilder`4.cs:line 153&#xD;
   at DotNet.Testcontainers.Builders.ContainerBuilder`3.Validate() in /_/src/Testcontainers/Builders/ContainerBuilder`3.cs:line 497&#xD;
   at Testcontainers.PostgreSql.PostgreSqlBuilder.Validate() in /_/src/Testcontainers.PostgreSql/PostgreSqlBuilder.cs:line 173&#xD;
   at Testcontainers.PostgreSql.PostgreSqlBuilder.Build() in /_/src/Testcontainers.PostgreSql/PostgreSqlBuilder.cs:line 147&#xD;
   at EduTracker.Api.IntegrationTests.EduTrackerAppFactory..ctor() in C:\Users\chidu\OneDrive\Documents\GitHub\edutracker\backend\EduTracker.Api.IntegrationTests\EduTrackerAppFactory.cs:line 15&#xD;
   at System.Reflection.MethodBaseInvoker.InterpretedInvoke_Constructor(Object obj, IntPtr* args)&#xD;
   at System.Reflection.MethodBaseInvoker.InvokeWithNoArgs(Object obj, BindingFlags invokeAttr)&#xD;
----- Inner Stack Trace -----&#xD;
&#xD;
----- Inner Stack Trace -----&#xD;
&#xD;
----- Inner Stack Trace -----&#xD;
   at System.IO.Pipes.NamedPipeClientStream.ConnectInternal(Int32 timeout, CancellationToken cancellationToken, Int32 startTime)&#xD;
   at System.Threading.ExecutionContext.RunFromThreadPoolDispatchLoop(Thread threadPoolThread, ExecutionContext executionContext, ContextCallback callback, Object state)&#xD;
--- End of stack trace from previous location ---&#xD;
   at System.Threading.ExecutionContext.RunFromThreadPoolDispatchLoop(Thread threadPoolThread, ExecutionContext executionContext, ContextCallback callback, Object state)&#xD;
   at System.Threading.Tasks.Task.ExecuteWithThreadLocal(Task&amp; currentTaskSlot, Thread threadPoolThread)&#xD;
--- End of stack trace from previous location ---&#xD;
   at Docker.DotNet.NPipe.DockerHandlerFactory.&lt;&gt;c__DisplayClass5_0.&lt;&lt;CreateHandler&gt;b__0&gt;d.MoveNext() in /_/src/Docker.DotNet.NPipe/DockerHandlerFactory.cs:line 58&#xD;
--- End of stack trace from previous location ---&#xD;
   at Microsoft.Net.Http.Client.ManagedHandler.ProcessRequestAsync(HttpRequestMessage request, CancellationToken cancellationToken) in /_/src/Microsoft.Net.Http.Client/ManagedHandler.cs:line 158&#xD;
   at Microsoft.Net.Http.Client.ManagedHandler.SendAsync(HttpRequestMessage httpRequestMessage, CancellationToken cancellationToken) in /_/src/Microsoft.Net.Http.Client/ManagedHandler.cs:line 75&#xD;
   at System.Net.Http.HttpClient.&lt;SendAsync&gt;g__Core|83_0(HttpRequestMessage request, HttpCompletionOption completionOption, CancellationTokenSource cts, Boolean disposeCts, CancellationTokenSource pendingRequestsCts, CancellationToken originalCancellationToken)&#xD;
   at Docker.DotNet.DockerClient.PrivateMakeRequestAsync(TimeSpan timeout, HttpCompletionOption completionOption, HttpMethod method, String path, IQueryString queryString, IDictionary`2 headers, IRequestContent data, CancellationToken cancellationToken) in /_/src/Docker.DotNet/DockerClient.cs:line 393&#xD;
   at Docker.DotNet.DockerClient.MakeRequestAsync[T](IEnumerable`1 errorHandlers, HttpMethod method, String path, IQueryString queryString, IRequestContent body, IDictionary`2 headers, TimeSpan timeout, CancellationToken cancellationToken) in /_/src/Docker.DotNet/DockerClient.cs:line 173&#xD;
   at Docker.DotNet.SystemOperations.PingAsync(CancellationToken cancellationToken) in /_/src/Docker.DotNet/Endpoints/SystemOperations.cs:line 33&#xD;
   at DotNet.Testcontainers.Builders.DockerEndpointAuthenticationProvider.&lt;&gt;c__DisplayClass5_0.&lt;&lt;IsAvailable&gt;b__0&gt;d.MoveNext() in /_/src/Testcontainers/Builders/DockerEndpointAuthenticationProvider.cs:line 46</StackTrace>
        </ErrorInfo>
      </Output>
    </UnitTestResult>
    <UnitTestResult executionId="4b3bb06e-d305-4e94-a472-c6bd1476027b" testId="abd09f7c-77c7-2b64-3a31-2458bf55e1a8" testName="EduTracker.Api.IntegrationTests.AuthTests.Login_WrongPassword_Returns401" computerName="KING_VINCENZO" duration="00:00:00.0010000" startTime="2026-09-20T12:34:58.7554576+01:00" endTime="2026-09-20T12:34:58.7554580+01:00" testType="13cdc9d9-ddb5-4fa4-a97d-d965ccfc6d4b" outcome="Failed" testListId="8c84fa94-04c1-424b-9868-57a2d4851a1d" relativeResultsDirectory="4b3bb06e-d305-4e94-a472-c6bd1476027b">
      <Output>
        <ErrorInfo>
          <Message>DotNet.Testcontainers.Builders.DockerUnavailableException : Docker is either not running or misconfigured. Please ensure that Docker is running and that the endpoint is properly configured.&#xD;
You can customize your configuration using either the environment variables or the ~/.testcontainers.properties file.&#xD;
For more information, visit: https://dotnet.testcontainers.org/custom_configuration/.&#xD;
  Details: &#xD;
    Failed to connect to Docker endpoint at 'npipe://./pipe/docker_engine'.&#xD;
---- System.AggregateException : One or more errors occurred. (Failed to connect to Docker endpoint at 'npipe://./pipe/docker_engine'.)&#xD;
-------- DotNet.Testcontainers.Builders.DockerUnavailableException : Failed to connect to Docker endpoint at 'npipe://./pipe/docker_engine'.&#xD;
------------ System.TimeoutException : The operation has timed out.</Message>
          <StackTrace>   at DotNet.Testcontainers.Guard.ThrowIf[TType](ArgumentInfo`1&amp; argument, Func`2 condition, Func`2 ifClause) in /_/src/Testcontainers/Guard.Null.cs:line 62&#xD;
   at DotNet.Testcontainers.Builders.AbstractBuilder`4.Validate() in /_/src/Testcontainers/Builders/AbstractBuilder`4.cs:line 153&#xD;
   at DotNet.Testcontainers.Builders.ContainerBuilder`3.Validate() in /_/src/Testcontainers/Builders/ContainerBuilder`3.cs:line 497&#xD;
   at Testcontainers.PostgreSql.PostgreSqlBuilder.Validate() in /_/src/Testcontainers.PostgreSql/PostgreSqlBuilder.cs:line 173&#xD;
   at Testcontainers.PostgreSql.PostgreSqlBuilder.Build() in /_/src/Testcontainers.PostgreSql/PostgreSqlBuilder.cs:line 147&#xD;
   at EduTracker.Api.IntegrationTests.EduTrackerAppFactory..ctor() in C:\Users\chidu\OneDrive\Documents\GitHub\edutracker\backend\EduTracker.Api.IntegrationTests\EduTrackerAppFactory.cs:line 15&#xD;
   at System.Reflection.MethodBaseInvoker.InterpretedInvoke_Constructor(Object obj, IntPtr* args)&#xD;
   at System.Reflection.MethodBaseInvoker.InvokeWithNoArgs(Object obj, BindingFlags invokeAttr)&#xD;
----- Inner Stack Trace -----&#xD;
&#xD;
----- Inner Stack Trace -----&#xD;
&#xD;
----- Inner Stack Trace -----&#xD;
   at System.IO.Pipes.NamedPipeClientStream.ConnectInternal(Int32 timeout, CancellationToken cancellationToken, Int32 startTime)&#xD;
   at System.Threading.ExecutionContext.RunFromThreadPoolDispatchLoop(Thread threadPoolThread, ExecutionContext executionContext, ContextCallback callback, Object state)&#xD;
--- End of stack trace from previous location ---&#xD;
   at System.Threading.ExecutionContext.RunFromThreadPoolDispatchLoop(Thread threadPoolThread, ExecutionContext executionContext, ContextCallback callback, Object state)&#xD;
   at System.Threading.Tasks.Task.ExecuteWithThreadLocal(Task&amp; currentTaskSlot, Thread threadPoolThread)&#xD;
--- End of stack trace from previous location ---&#xD;
   at Docker.DotNet.NPipe.DockerHandlerFactory.&lt;&gt;c__DisplayClass5_0.&lt;&lt;CreateHandler&gt;b__0&gt;d.MoveNext() in /_/src/Docker.DotNet.NPipe/DockerHandlerFactory.cs:line 58&#xD;
--- End of stack trace from previous location ---&#xD;
   at Microsoft.Net.Http.Client.ManagedHandler.ProcessRequestAsync(HttpRequestMessage request, CancellationToken cancellationToken) in /_/src/Microsoft.Net.Http.Client/ManagedHandler.cs:line 158&#xD;
   at Microsoft.Net.Http.Client.ManagedHandler.SendAsync(HttpRequestMessage httpRequestMessage, CancellationToken cancellationToken) in /_/src/Microsoft.Net.Http.Client/ManagedHandler.cs:line 75&#xD;
   at System.Net.Http.HttpClient.&lt;SendAsync&gt;g__Core|83_0(HttpRequestMessage request, HttpCompletionOption completionOption, CancellationTokenSource cts, Boolean disposeCts, CancellationTokenSource pendingRequestsCts, CancellationToken originalCancellationToken)&#xD;
   at Docker.DotNet.DockerClient.PrivateMakeRequestAsync(TimeSpan timeout, HttpCompletionOption completionOption, HttpMethod method, String path, IQueryString queryString, IDictionary`2 headers, IRequestContent data, CancellationToken cancellationToken) in /_/src/Docker.DotNet/DockerClient.cs:line 393&#xD;
   at Docker.DotNet.DockerClient.MakeRequestAsync[T](IEnumerable`1 errorHandlers, HttpMethod method, String path, IQueryString queryString, IRequestContent body, IDictionary`2 headers, TimeSpan timeout, CancellationToken cancellationToken) in /_/src/Docker.DotNet/DockerClient.cs:line 173&#xD;
   at Docker.DotNet.SystemOperations.PingAsync(CancellationToken cancellationToken) in /_/src/Docker.DotNet/Endpoints/SystemOperations.cs:line 33&#xD;
   at DotNet.Testcontainers.Builders.DockerEndpointAuthenticationProvider.&lt;&gt;c__DisplayClass5_0.&lt;&lt;IsAvailable&gt;b__0&gt;d.MoveNext() in /_/src/Testcontainers/Builders/DockerEndpointAuthenticationProvider.cs:line 46</StackTrace>
        </ErrorInfo>
      </Output>
    </UnitTestResult>
    <UnitTestResult executionId="75ec92ab-0d67-43d3-9e46-09af7765edd9" testId="17d312d0-9709-915c-3168-23a3b55817a6" testName="EduTracker.Api.IntegrationTests.CrossOrganizationIsolationTests.GetOrganization_ByNonMember_Returns403" computerName="KING_VINCENZO" duration="00:00:00.0010000" startTime="2026-09-20T12:34:58.9447271+01:00" endTime="2026-09-20T12:34:58.9447275+01:00" testType="13cdc9d9-ddb5-4fa4-a97d-d965ccfc6d4b" outcome="Failed" testListId="8c84fa94-04c1-424b-9868-57a2d4851a1d" relativeResultsDirectory="75ec92ab-0d67-43d3-9e46-09af7765edd9">
      <Output>
        <ErrorInfo>
          <Message>DotNet.Testcontainers.Builders.DockerUnavailableException : Docker is either not running or misconfigured. Please ensure that Docker is running and that the endpoint is properly configured.&#xD;
You can customize your configuration using either the environment variables or the ~/.testcontainers.properties file.&#xD;
For more information, visit: https://dotnet.testcontainers.org/custom_configuration/.&#xD;
  Details: &#xD;
    Failed to connect to Docker endpoint at 'npipe://./pipe/docker_engine'.&#xD;
---- System.AggregateException : One or more errors occurred. (Failed to connect to Docker endpoint at 'npipe://./pipe/docker_engine'.)&#xD;
-------- DotNet.Testcontainers.Builders.DockerUnavailableException : Failed to connect to Docker endpoint at 'npipe://./pipe/docker_engine'.&#xD;
------------ System.TimeoutException : The operation has timed out.</Message>
          <StackTrace>   at DotNet.Testcontainers.Guard.ThrowIf[TType](ArgumentInfo`1&amp; argument, Func`2 condition, Func`2 ifClause) in /_/src/Testcontainers/Guard.Null.cs:line 62&#xD;
   at DotNet.Testcontainers.Builders.AbstractBuilder`4.Validate() in /_/src/Testcontainers/Builders/AbstractBuilder`4.cs:line 153&#xD;
   at DotNet.Testcontainers.Builders.ContainerBuilder`3.Validate() in /_/src/Testcontainers/Builders/ContainerBuilder`3.cs:line 497&#xD;
   at Testcontainers.PostgreSql.PostgreSqlBuilder.Validate() in /_/src/Testcontainers.PostgreSql/PostgreSqlBuilder.cs:line 173&#xD;
   at Testcontainers.PostgreSql.PostgreSqlBuilder.Build() in /_/src/Testcontainers.PostgreSql/PostgreSqlBuilder.cs:line 147&#xD;
   at EduTracker.Api.IntegrationTests.EduTrackerAppFactory..ctor() in C:\Users\chidu\OneDrive\Documents\GitHub\edutracker\backend\EduTracker.Api.IntegrationTests\EduTrackerAppFactory.cs:line 15&#xD;
   at System.Reflection.MethodBaseInvoker.InterpretedInvoke_Constructor(Object obj, IntPtr* args)&#xD;
   at System.Reflection.MethodBaseInvoker.InvokeWithNoArgs(Object obj, BindingFlags invokeAttr)&#xD;
----- Inner Stack Trace -----&#xD;
&#xD;
----- Inner Stack Trace -----&#xD;
&#xD;
----- Inner Stack Trace -----&#xD;
   at System.IO.Pipes.NamedPipeClientStream.ConnectInternal(Int32 timeout, CancellationToken cancellationToken, Int32 startTime)&#xD;
   at System.Threading.ExecutionContext.RunFromThreadPoolDispatchLoop(Thread threadPoolThread, ExecutionContext executionContext, ContextCallback callback, Object state)&#xD;
--- End of stack trace from previous location ---&#xD;
   at System.Threading.ExecutionContext.RunFromThreadPoolDispatchLoop(Thread threadPoolThread, ExecutionContext executionContext, ContextCallback callback, Object state)&#xD;
   at System.Threading.Tasks.Task.ExecuteWithThreadLocal(Task&amp; currentTaskSlot, Thread threadPoolThread)&#xD;
--- End of stack trace from previous location ---&#xD;
   at Docker.DotNet.NPipe.DockerHandlerFactory.&lt;&gt;c__DisplayClass5_0.&lt;&lt;CreateHandler&gt;b__0&gt;d.MoveNext() in /_/src/Docker.DotNet.NPipe/DockerHandlerFactory.cs:line 58&#xD;
--- End of stack trace from previous location ---&#xD;
   at Microsoft.Net.Http.Client.ManagedHandler.ProcessRequestAsync(HttpRequestMessage request, CancellationToken cancellationToken) in /_/src/Microsoft.Net.Http.Client/ManagedHandler.cs:line 158&#xD;
   at Microsoft.Net.Http.Client.ManagedHandler.SendAsync(HttpRequestMessage httpRequestMessage, CancellationToken cancellationToken) in /_/src/Microsoft.Net.Http.Client/ManagedHandler.cs:line 75&#xD;
   at System.Net.Http.HttpClient.&lt;SendAsync&gt;g__Core|83_0(HttpRequestMessage request, HttpCompletionOption completionOption, CancellationTokenSource cts, Boolean disposeCts, CancellationTokenSource pendingRequestsCts, CancellationToken originalCancellationToken)&#xD;
   at Docker.DotNet.DockerClient.PrivateMakeRequestAsync(TimeSpan timeout, HttpCompletionOption completionOption, HttpMethod method, String path, IQueryString queryString, IDictionary`2 headers, IRequestContent data, CancellationToken cancellationToken) in /_/src/Docker.DotNet/DockerClient.cs:line 393&#xD;
   at Docker.DotNet.DockerClient.MakeRequestAsync[T](IEnumerable`1 errorHandlers, HttpMethod method, String path, IQueryString queryString, IRequestContent body, IDictionary`2 headers, TimeSpan timeout, CancellationToken cancellationToken) in /_/src/Docker.DotNet/DockerClient.cs:line 173&#xD;
   at Docker.DotNet.SystemOperations.PingAsync(CancellationToken cancellationToken) in /_/src/Docker.DotNet/Endpoints/SystemOperations.cs:line 33&#xD;
   at DotNet.Testcontainers.Builders.DockerEndpointAuthenticationProvider.&lt;&gt;c__DisplayClass5_0.&lt;&lt;IsAvailable&gt;b__0&gt;d.MoveNext() in /_/src/Testcontainers/Builders/DockerEndpointAuthenticationProvider.cs:line 46</StackTrace>
        </ErrorInfo>
      </Output>
    </UnitTestResult>
    <UnitTestResult executionId="c44aead2-29a8-461a-9371-f13296efcecc" testId="05f955c5-0635-f328-0161-895449bc1d4c" testName="EduTracker.Api.IntegrationTests.UniqueIndexTests.Register_DuplicateUserName_Returns409" computerName="KING_VINCENZO" duration="00:00:00.0010000" startTime="2026-09-20T12:34:59.0288122+01:00" endTime="2026-09-20T12:34:59.0288126+01:00" testType="13cdc9d9-ddb5-4fa4-a97d-d965ccfc6d4b" outcome="Failed" testListId="8c84fa94-04c1-424b-9868-57a2d4851a1d" relativeResultsDirectory="c44aead2-29a8-461a-9371-f13296efcecc">
      <Output>
        <ErrorInfo>
          <Message>DotNet.Testcontainers.Builders.DockerUnavailableException : Docker is either not running or misconfigured. Please ensure that Docker is running and that the endpoint is properly configured.&#xD;
You can customize your configuration using either the environment variables or the ~/.testcontainers.properties file.&#xD;
For more information, visit: https://dotnet.testcontainers.org/custom_configuration/.&#xD;
  Details: &#xD;
    Failed to connect to Docker endpoint at 'npipe://./pipe/docker_engine'.&#xD;
---- System.AggregateException : One or more errors occurred. (Failed to connect to Docker endpoint at 'npipe://./pipe/docker_engine'.)&#xD;
-------- DotNet.Testcontainers.Builders.DockerUnavailableException : Failed to connect to Docker endpoint at 'npipe://./pipe/docker_engine'.&#xD;
------------ System.TimeoutException : The operation has timed out.</Message>
          <StackTrace>   at DotNet.Testcontainers.Guard.ThrowIf[TType](ArgumentInfo`1&amp; argument, Func`2 condition, Func`2 ifClause) in /_/src/Testcontainers/Guard.Null.cs:line 62&#xD;
   at DotNet.Testcontainers.Builders.AbstractBuilder`4.Validate() in /_/src/Testcontainers/Builders/AbstractBuilder`4.cs:line 153&#xD;
   at DotNet.Testcontainers.Builders.ContainerBuilder`3.Validate() in /_/src/Testcontainers/Builders/ContainerBuilder`3.cs:line 497&#xD;
   at Testcontainers.PostgreSql.PostgreSqlBuilder.Validate() in /_/src/Testcontainers.PostgreSql/PostgreSqlBuilder.cs:line 173&#xD;
   at Testcontainers.PostgreSql.PostgreSqlBuilder.Build() in /_/src/Testcontainers.PostgreSql/PostgreSqlBuilder.cs:line 147&#xD;
   at EduTracker.Api.IntegrationTests.EduTrackerAppFactory..ctor() in C:\Users\chidu\OneDrive\Documents\GitHub\edutracker\backend\EduTracker.Api.IntegrationTests\EduTrackerAppFactory.cs:line 15&#xD;
   at System.Reflection.MethodBaseInvoker.InterpretedInvoke_Constructor(Object obj, IntPtr* args)&#xD;
   at System.Reflection.MethodBaseInvoker.InvokeWithNoArgs(Object obj, BindingFlags invokeAttr)&#xD;
----- Inner Stack Trace -----&#xD;
&#xD;
----- Inner Stack Trace -----&#xD;
&#xD;
----- Inner Stack Trace -----&#xD;
   at System.IO.Pipes.NamedPipeClientStream.ConnectInternal(Int32 timeout, CancellationToken cancellationToken, Int32 startTime)&#xD;
   at System.Threading.ExecutionContext.RunFromThreadPoolDispatchLoop(Thread threadPoolThread, ExecutionContext executionContext, ContextCallback callback, Object state)&#xD;
--- End of stack trace from previous location ---&#xD;
   at System.Threading.ExecutionContext.RunFromThreadPoolDispatchLoop(Thread threadPoolThread, ExecutionContext executionContext, ContextCallback callback, Object state)&#xD;
   at System.Threading.Tasks.Task.ExecuteWithThreadLocal(Task&amp; currentTaskSlot, Thread threadPoolThread)&#xD;
--- End of stack trace from previous location ---&#xD;
   at Docker.DotNet.NPipe.DockerHandlerFactory.&lt;&gt;c__DisplayClass5_0.&lt;&lt;CreateHandler&gt;b__0&gt;d.MoveNext() in /_/src/Docker.DotNet.NPipe/DockerHandlerFactory.cs:line 58&#xD;
--- End of stack trace from previous location ---&#xD;
   at Microsoft.Net.Http.Client.ManagedHandler.ProcessRequestAsync(HttpRequestMessage request, CancellationToken cancellationToken) in /_/src/Microsoft.Net.Http.Client/ManagedHandler.cs:line 158&#xD;
   at Microsoft.Net.Http.Client.ManagedHandler.SendAsync(HttpRequestMessage httpRequestMessage, CancellationToken cancellationToken) in /_/src/Microsoft.Net.Http.Client/ManagedHandler.cs:line 75&#xD;
   at System.Net.Http.HttpClient.&lt;SendAsync&gt;g__Core|83_0(HttpRequestMessage request, HttpCompletionOption completionOption, CancellationTokenSource cts, Boolean disposeCts, CancellationTokenSource pendingRequestsCts, CancellationToken originalCancellationToken)&#xD;
   at Docker.DotNet.DockerClient.PrivateMakeRequestAsync(TimeSpan timeout, HttpCompletionOption completionOption, HttpMethod method, String path, IQueryString queryString, IDictionary`2 headers, IRequestContent data, CancellationToken cancellationToken) in /_/src/Docker.DotNet/DockerClient.cs:line 393&#xD;
   at Docker.DotNet.DockerClient.MakeRequestAsync[T](IEnumerable`1 errorHandlers, HttpMethod method, String path, IQueryString queryString, IRequestContent body, IDictionary`2 headers, TimeSpan timeout, CancellationToken cancellationToken) in /_/src/Docker.DotNet/DockerClient.cs:line 173&#xD;
   at Docker.DotNet.SystemOperations.PingAsync(CancellationToken cancellationToken) in /_/src/Docker.DotNet/Endpoints/SystemOperations.cs:line 33&#xD;
   at DotNet.Testcontainers.Builders.DockerEndpointAuthenticationProvider.&lt;&gt;c__DisplayClass5_0.&lt;&lt;IsAvailable&gt;b__0&gt;d.MoveNext() in /_/src/Testcontainers/Builders/DockerEndpointAuthenticationProvider.cs:line 46</StackTrace>
        </ErrorInfo>
      </Output>
    </UnitTestResult>
    <UnitTestResult executionId="e15f1301-cf49-4d2c-9a55-b738a75480fe" testId="485d6cf0-1d8c-248a-7d9f-c0312f5e8084" testName="EduTracker.Api.IntegrationTests.AuthTests.Me_WithoutSession_Returns401" computerName="KING_VINCENZO" duration="00:00:00.0010000" startTime="2026-09-20T12:34:58.6282776+01:00" endTime="2026-09-20T12:34:58.6282779+01:00" testType="13cdc9d9-ddb5-4fa4-a97d-d965ccfc6d4b" outcome="Failed" testListId="8c84fa94-04c1-424b-9868-57a2d4851a1d" relativeResultsDirectory="e15f1301-cf49-4d2c-9a55-b738a75480fe">
      <Output>
        <ErrorInfo>
          <Message>DotNet.Testcontainers.Builders.DockerUnavailableException : Docker is either not running or misconfigured. Please ensure that Docker is running and that the endpoint is properly configured.&#xD;
You can customize your configuration using either the environment variables or the ~/.testcontainers.properties file.&#xD;
For more information, visit: https://dotnet.testcontainers.org/custom_configuration/.&#xD;
  Details: &#xD;
    Failed to connect to Docker endpoint at 'npipe://./pipe/docker_engine'.&#xD;
---- System.AggregateException : One or more errors occurred. (Failed to connect to Docker endpoint at 'npipe://./pipe/docker_engine'.)&#xD;
-------- DotNet.Testcontainers.Builders.DockerUnavailableException : Failed to connect to Docker endpoint at 'npipe://./pipe/docker_engine'.&#xD;
------------ System.TimeoutException : The operation has timed out.</Message>
          <StackTrace>   at DotNet.Testcontainers.Guard.ThrowIf[TType](ArgumentInfo`1&amp; argument, Func`2 condition, Func`2 ifClause) in /_/src/Testcontainers/Guard.Null.cs:line 62&#xD;
   at DotNet.Testcontainers.Builders.AbstractBuilder`4.Validate() in /_/src/Testcontainers/Builders/AbstractBuilder`4.cs:line 153&#xD;
   at DotNet.Testcontainers.Builders.ContainerBuilder`3.Validate() in /_/src/Testcontainers/Builders/ContainerBuilder`3.cs:line 497&#xD;
   at Testcontainers.PostgreSql.PostgreSqlBuilder.Validate() in /_/src/Testcontainers.PostgreSql/PostgreSqlBuilder.cs:line 173&#xD;
   at Testcontainers.PostgreSql.PostgreSqlBuilder.Build() in /_/src/Testcontainers.PostgreSql/PostgreSqlBuilder.cs:line 147&#xD;
   at EduTracker.Api.IntegrationTests.EduTrackerAppFactory..ctor() in C:\Users\chidu\OneDrive\Documents\GitHub\edutracker\backend\EduTracker.Api.IntegrationTests\EduTrackerAppFactory.cs:line 15&#xD;
   at System.Reflection.MethodBaseInvoker.InterpretedInvoke_Constructor(Object obj, IntPtr* args)&#xD;
   at System.Reflection.MethodBaseInvoker.InvokeWithNoArgs(Object obj, BindingFlags invokeAttr)&#xD;
----- Inner Stack Trace -----&#xD;
&#xD;
----- Inner Stack Trace -----&#xD;
&#xD;
----- Inner Stack Trace -----&#xD;
   at System.IO.Pipes.NamedPipeClientStream.ConnectInternal(Int32 timeout, CancellationToken cancellationToken, Int32 startTime)&#xD;
   at System.Threading.ExecutionContext.RunFromThreadPoolDispatchLoop(Thread threadPoolThread, ExecutionContext executionContext, ContextCallback callback, Object state)&#xD;
--- End of stack trace from previous location ---&#xD;
   at System.Threading.ExecutionContext.RunFromThreadPoolDispatchLoop(Thread threadPoolThread, ExecutionContext executionContext, ContextCallback callback, Object state)&#xD;
   at System.Threading.Tasks.Task.ExecuteWithThreadLocal(Task&amp; currentTaskSlot, Thread threadPoolThread)&#xD;
--- End of stack trace from previous location ---&#xD;
   at Docker.DotNet.NPipe.DockerHandlerFactory.&lt;&gt;c__DisplayClass5_0.&lt;&lt;CreateHandler&gt;b__0&gt;d.MoveNext() in /_/src/Docker.DotNet.NPipe/DockerHandlerFactory.cs:line 58&#xD;
--- End of stack trace from previous location ---&#xD;
   at Microsoft.Net.Http.Client.ManagedHandler.ProcessRequestAsync(HttpRequestMessage request, CancellationToken cancellationToken) in /_/src/Microsoft.Net.Http.Client/ManagedHandler.cs:line 158&#xD;
   at Microsoft.Net.Http.Client.ManagedHandler.SendAsync(HttpRequestMessage httpRequestMessage, CancellationToken cancellationToken) in /_/src/Microsoft.Net.Http.Client/ManagedHandler.cs:line 75&#xD;
   at System.Net.Http.HttpClient.&lt;SendAsync&gt;g__Core|83_0(HttpRequestMessage request, HttpCompletionOption completionOption, CancellationTokenSource cts, Boolean disposeCts, CancellationTokenSource pendingRequestsCts, CancellationToken originalCancellationToken)&#xD;
   at Docker.DotNet.DockerClient.PrivateMakeRequestAsync(TimeSpan timeout, HttpCompletionOption completionOption, HttpMethod method, String path, IQueryString queryString, IDictionary`2 headers, IRequestContent data, CancellationToken cancellationToken) in /_/src/Docker.DotNet/DockerClient.cs:line 393&#xD;
   at Docker.DotNet.DockerClient.MakeRequestAsync[T](IEnumerable`1 errorHandlers, HttpMethod method, String path, IQueryString queryString, IRequestContent body, IDictionary`2 headers, TimeSpan timeout, CancellationToken cancellationToken) in /_/src/Docker.DotNet/DockerClient.cs:line 173&#xD;
   at Docker.DotNet.SystemOperations.PingAsync(CancellationToken cancellationToken) in /_/src/Docker.DotNet/Endpoints/SystemOperations.cs:line 33&#xD;
   at DotNet.Testcontainers.Builders.DockerEndpointAuthenticationProvider.&lt;&gt;c__DisplayClass5_0.&lt;&lt;IsAvailable&gt;b__0&gt;d.MoveNext() in /_/src/Testcontainers/Builders/DockerEndpointAuthenticationProvider.cs:line 46</StackTrace>
        </ErrorInfo>
      </Output>
    </UnitTestResult>
    <UnitTestResult executionId="87824851-b898-4387-81f8-c6bade0e1ac3" testId="552d7afe-ccfe-d08d-ef50-0a91259f121a" testName="EduTracker.Api.IntegrationTests.AuthorizationTests.ListUsers_AsPlainUser_Returns403" computerName="KING_VINCENZO" duration="00:00:00.0010000" startTime="2026-09-20T12:34:58.3939513+01:00" endTime="2026-09-20T12:34:58.3943342+01:00" testType="13cdc9d9-ddb5-4fa4-a97d-d965ccfc6d4b" outcome="Failed" testListId="8c84fa94-04c1-424b-9868-57a2d4851a1d" relativeResultsDirectory="87824851-b898-4387-81f8-c6bade0e1ac3">
      <Output>
        <ErrorInfo>
          <Message>DotNet.Testcontainers.Builders.DockerUnavailableException : Docker is either not running or misconfigured. Please ensure that Docker is running and that the endpoint is properly configured.&#xD;
You can customize your configuration using either the environment variables or the ~/.testcontainers.properties file.&#xD;
For more information, visit: https://dotnet.testcontainers.org/custom_configuration/.&#xD;
  Details: &#xD;
    Failed to connect to Docker endpoint at 'npipe://./pipe/docker_engine'.&#xD;
---- System.AggregateException : One or more errors occurred. (Failed to connect to Docker endpoint at 'npipe://./pipe/docker_engine'.)&#xD;
-------- DotNet.Testcontainers.Builders.DockerUnavailableException : Failed to connect to Docker endpoint at 'npipe://./pipe/docker_engine'.&#xD;
------------ System.TimeoutException : The operation has timed out.</Message>
          <StackTrace>   at DotNet.Testcontainers.Guard.ThrowIf[TType](ArgumentInfo`1&amp; argument, Func`2 condition, Func`2 ifClause) in /_/src/Testcontainers/Guard.Null.cs:line 62&#xD;
   at DotNet.Testcontainers.Builders.AbstractBuilder`4.Validate() in /_/src/Testcontainers/Builders/AbstractBuilder`4.cs:line 153&#xD;
   at DotNet.Testcontainers.Builders.ContainerBuilder`3.Validate() in /_/src/Testcontainers/Builders/ContainerBuilder`3.cs:line 497&#xD;
   at Testcontainers.PostgreSql.PostgreSqlBuilder.Validate() in /_/src/Testcontainers.PostgreSql/PostgreSqlBuilder.cs:line 173&#xD;
   at Testcontainers.PostgreSql.PostgreSqlBuilder.Build() in /_/src/Testcontainers.PostgreSql/PostgreSqlBuilder.cs:line 147&#xD;
   at EduTracker.Api.IntegrationTests.EduTrackerAppFactory..ctor() in C:\Users\chidu\OneDrive\Documents\GitHub\edutracker\backend\EduTracker.Api.IntegrationTests\EduTrackerAppFactory.cs:line 15&#xD;
   at System.Reflection.MethodBaseInvoker.InterpretedInvoke_Constructor(Object obj, IntPtr* args)&#xD;
   at System.Reflection.MethodBaseInvoker.InvokeWithNoArgs(Object obj, BindingFlags invokeAttr)&#xD;
----- Inner Stack Trace -----&#xD;
&#xD;
----- Inner Stack Trace -----&#xD;
&#xD;
----- Inner Stack Trace -----&#xD;
   at System.IO.Pipes.NamedPipeClientStream.ConnectInternal(Int32 timeout, CancellationToken cancellationToken, Int32 startTime)&#xD;
   at System.Threading.ExecutionContext.RunFromThreadPoolDispatchLoop(Thread threadPoolThread, ExecutionContext executionContext, ContextCallback callback, Object state)&#xD;
--- End of stack trace from previous location ---&#xD;
   at System.Threading.ExecutionContext.RunFromThreadPoolDispatchLoop(Thread threadPoolThread, ExecutionContext executionContext, ContextCallback callback, Object state)&#xD;
   at System.Threading.Tasks.Task.ExecuteWithThreadLocal(Task&amp; currentTaskSlot, Thread threadPoolThread)&#xD;
--- End of stack trace from previous location ---&#xD;
   at Docker.DotNet.NPipe.DockerHandlerFactory.&lt;&gt;c__DisplayClass5_0.&lt;&lt;CreateHandler&gt;b__0&gt;d.MoveNext() in /_/src/Docker.DotNet.NPipe/DockerHandlerFactory.cs:line 58&#xD;
--- End of stack trace from previous location ---&#xD;
   at Microsoft.Net.Http.Client.ManagedHandler.ProcessRequestAsync(HttpRequestMessage request, CancellationToken cancellationToken) in /_/src/Microsoft.Net.Http.Client/ManagedHandler.cs:line 158&#xD;
   at Microsoft.Net.Http.Client.ManagedHandler.SendAsync(HttpRequestMessage httpRequestMessage, CancellationToken cancellationToken) in /_/src/Microsoft.Net.Http.Client/ManagedHandler.cs:line 75&#xD;
   at System.Net.Http.HttpClient.&lt;SendAsync&gt;g__Core|83_0(HttpRequestMessage request, HttpCompletionOption completionOption, CancellationTokenSource cts, Boolean disposeCts, CancellationTokenSource pendingRequestsCts, CancellationToken originalCancellationToken)&#xD;
   at Docker.DotNet.DockerClient.PrivateMakeRequestAsync(TimeSpan timeout, HttpCompletionOption completionOption, HttpMethod method, String path, IQueryString queryString, IDictionary`2 headers, IRequestContent data, CancellationToken cancellationToken) in /_/src/Docker.DotNet/DockerClient.cs:line 393&#xD;
   at Docker.DotNet.DockerClient.MakeRequestAsync[T](IEnumerable`1 errorHandlers, HttpMethod method, String path, IQueryString queryString, IRequestContent body, IDictionary`2 headers, TimeSpan timeout, CancellationToken cancellationToken) in /_/src/Docker.DotNet/DockerClient.cs:line 173&#xD;
   at Docker.DotNet.SystemOperations.PingAsync(CancellationToken cancellationToken) in /_/src/Docker.DotNet/Endpoints/SystemOperations.cs:line 33&#xD;
   at DotNet.Testcontainers.Builders.DockerEndpointAuthenticationProvider.&lt;&gt;c__DisplayClass5_0.&lt;&lt;IsAvailable&gt;b__0&gt;d.MoveNext() in /_/src/Testcontainers/Builders/DockerEndpointAuthenticationProvider.cs:line 46</StackTrace>
        </ErrorInfo>
      </Output>
    </UnitTestResult>
    <UnitTestResult executionId="5e101a1e-c2af-4d73-8f63-388fba243777" testId="48dbd5bb-350a-45c6-ffb6-4ebd52c542b1" testName="EduTracker.Api.IntegrationTests.UniqueIndexTests.Register_DuplicateEmail_DoesNotCreateSecondUser" computerName="KING_VINCENZO" duration="00:00:00.0010000" startTime="2026-09-20T12:34:59.1249236+01:00" endTime="2026-09-20T12:34:59.1249239+01:00" testType="13cdc9d9-ddb5-4fa4-a97d-d965ccfc6d4b" outcome="Failed" testListId="8c84fa94-04c1-424b-9868-57a2d4851a1d" relativeResultsDirectory="5e101a1e-c2af-4d73-8f63-388fba243777">
      <Output>
        <ErrorInfo>
          <Message>DotNet.Testcontainers.Builders.DockerUnavailableException : Docker is either not running or misconfigured. Please ensure that Docker is running and that the endpoint is properly configured.&#xD;
You can customize your configuration using either the environment variables or the ~/.testcontainers.properties file.&#xD;
For more information, visit: https://dotnet.testcontainers.org/custom_configuration/.&#xD;
  Details: &#xD;
    Failed to connect to Docker endpoint at 'npipe://./pipe/docker_engine'.&#xD;
---- System.AggregateException : One or more errors occurred. (Failed to connect to Docker endpoint at 'npipe://./pipe/docker_engine'.)&#xD;
-------- DotNet.Testcontainers.Builders.DockerUnavailableException : Failed to connect to Docker endpoint at 'npipe://./pipe/docker_engine'.&#xD;
------------ System.TimeoutException : The operation has timed out.</Message>
          <StackTrace>   at DotNet.Testcontainers.Guard.ThrowIf[TType](ArgumentInfo`1&amp; argument, Func`2 condition, Func`2 ifClause) in /_/src/Testcontainers/Guard.Null.cs:line 62&#xD;
   at DotNet.Testcontainers.Builders.AbstractBuilder`4.Validate() in /_/src/Testcontainers/Builders/AbstractBuilder`4.cs:line 153&#xD;
   at DotNet.Testcontainers.Builders.ContainerBuilder`3.Validate() in /_/src/Testcontainers/Builders/ContainerBuilder`3.cs:line 497&#xD;
   at Testcontainers.PostgreSql.PostgreSqlBuilder.Validate() in /_/src/Testcontainers.PostgreSql/PostgreSqlBuilder.cs:line 173&#xD;
   at Testcontainers.PostgreSql.PostgreSqlBuilder.Build() in /_/src/Testcontainers.PostgreSql/PostgreSqlBuilder.cs:line 147&#xD;
   at EduTracker.Api.IntegrationTests.EduTrackerAppFactory..ctor() in C:\Users\chidu\OneDrive\Documents\GitHub\edutracker\backend\EduTracker.Api.IntegrationTests\EduTrackerAppFactory.cs:line 15&#xD;
   at System.Reflection.MethodBaseInvoker.InterpretedInvoke_Constructor(Object obj, IntPtr* args)&#xD;
   at System.Reflection.MethodBaseInvoker.InvokeWithNoArgs(Object obj, BindingFlags invokeAttr)&#xD;
----- Inner Stack Trace -----&#xD;
&#xD;
----- Inner Stack Trace -----&#xD;
&#xD;
----- Inner Stack Trace -----&#xD;
   at System.IO.Pipes.NamedPipeClientStream.ConnectInternal(Int32 timeout, CancellationToken cancellationToken, Int32 startTime)&#xD;
   at System.Threading.ExecutionContext.RunFromThreadPoolDispatchLoop(Thread threadPoolThread, ExecutionContext executionContext, ContextCallback callback, Object state)&#xD;
--- End of stack trace from previous location ---&#xD;
   at System.Threading.ExecutionContext.RunFromThreadPoolDispatchLoop(Thread threadPoolThread, ExecutionContext executionContext, ContextCallback callback, Object state)&#xD;
   at System.Threading.Tasks.Task.ExecuteWithThreadLocal(Task&amp; currentTaskSlot, Thread threadPoolThread)&#xD;
--- End of stack trace from previous location ---&#xD;
   at Docker.DotNet.NPipe.DockerHandlerFactory.&lt;&gt;c__DisplayClass5_0.&lt;&lt;CreateHandler&gt;b__0&gt;d.MoveNext() in /_/src/Docker.DotNet.NPipe/DockerHandlerFactory.cs:line 58&#xD;
--- End of stack trace from previous location ---&#xD;
   at Microsoft.Net.Http.Client.ManagedHandler.ProcessRequestAsync(HttpRequestMessage request, CancellationToken cancellationToken) in /_/src/Microsoft.Net.Http.Client/ManagedHandler.cs:line 158&#xD;
   at Microsoft.Net.Http.Client.ManagedHandler.SendAsync(HttpRequestMessage httpRequestMessage, CancellationToken cancellationToken) in /_/src/Microsoft.Net.Http.Client/ManagedHandler.cs:line 75&#xD;
   at System.Net.Http.HttpClient.&lt;SendAsync&gt;g__Core|83_0(HttpRequestMessage request, HttpCompletionOption completionOption, CancellationTokenSource cts, Boolean disposeCts, CancellationTokenSource pendingRequestsCts, CancellationToken originalCancellationToken)&#xD;
   at Docker.DotNet.DockerClient.PrivateMakeRequestAsync(TimeSpan timeout, HttpCompletionOption completionOption, HttpMethod method, String path, IQueryString queryString, IDictionary`2 headers, IRequestContent data, CancellationToken cancellationToken) in /_/src/Docker.DotNet/DockerClient.cs:line 393&#xD;
   at Docker.DotNet.DockerClient.MakeRequestAsync[T](IEnumerable`1 errorHandlers, HttpMethod method, String path, IQueryString queryString, IRequestContent body, IDictionary`2 headers, TimeSpan timeout, CancellationToken cancellationToken) in /_/src/Docker.DotNet/DockerClient.cs:line 173&#xD;
   at Docker.DotNet.SystemOperations.PingAsync(CancellationToken cancellationToken) in /_/src/Docker.DotNet/Endpoints/SystemOperations.cs:line 33&#xD;
   at DotNet.Testcontainers.Builders.DockerEndpointAuthenticationProvider.&lt;&gt;c__DisplayClass5_0.&lt;&lt;IsAvailable&gt;b__0&gt;d.MoveNext() in /_/src/Testcontainers/Builders/DockerEndpointAuthenticationProvider.cs:line 46</StackTrace>
        </ErrorInfo>
      </Output>
    </UnitTestResult>
    <UnitTestResult executionId="8ff7a6dc-fe1e-4457-8a79-f3d7d7a6efe6" testId="682a295d-ace5-da94-2234-9fc5b58d6425" testName="EduTracker.Api.IntegrationTests.AuthorizationTests.PromoteUser_AsPlainUser_Returns403" computerName="KING_VINCENZO" duration="00:00:00.0010000" startTime="2026-09-20T12:34:58.5877903+01:00" endTime="2026-09-20T12:34:58.5877920+01:00" testType="13cdc9d9-ddb5-4fa4-a97d-d965ccfc6d4b" outcome="Failed" testListId="8c84fa94-04c1-424b-9868-57a2d4851a1d" relativeResultsDirectory="8ff7a6dc-fe1e-4457-8a79-f3d7d7a6efe6">
      <Output>
        <ErrorInfo>
          <Message>DotNet.Testcontainers.Builders.DockerUnavailableException : Docker is either not running or misconfigured. Please ensure that Docker is running and that the endpoint is properly configured.&#xD;
You can customize your configuration using either the environment variables or the ~/.testcontainers.properties file.&#xD;
For more information, visit: https://dotnet.testcontainers.org/custom_configuration/.&#xD;
  Details: &#xD;
    Failed to connect to Docker endpoint at 'npipe://./pipe/docker_engine'.&#xD;
---- System.AggregateException : One or more errors occurred. (Failed to connect to Docker endpoint at 'npipe://./pipe/docker_engine'.)&#xD;
-------- DotNet.Testcontainers.Builders.DockerUnavailableException : Failed to connect to Docker endpoint at 'npipe://./pipe/docker_engine'.&#xD;
------------ System.TimeoutException : The operation has timed out.</Message>
          <StackTrace>   at DotNet.Testcontainers.Guard.ThrowIf[TType](ArgumentInfo`1&amp; argument, Func`2 condition, Func`2 ifClause) in /_/src/Testcontainers/Guard.Null.cs:line 62&#xD;
   at DotNet.Testcontainers.Builders.AbstractBuilder`4.Validate() in /_/src/Testcontainers/Builders/AbstractBuilder`4.cs:line 153&#xD;
   at DotNet.Testcontainers.Builders.ContainerBuilder`3.Validate() in /_/src/Testcontainers/Builders/ContainerBuilder`3.cs:line 497&#xD;
   at Testcontainers.PostgreSql.PostgreSqlBuilder.Validate() in /_/src/Testcontainers.PostgreSql/PostgreSqlBuilder.cs:line 173&#xD;
   at Testcontainers.PostgreSql.PostgreSqlBuilder.Build() in /_/src/Testcontainers.PostgreSql/PostgreSqlBuilder.cs:line 147&#xD;
   at EduTracker.Api.IntegrationTests.EduTrackerAppFactory..ctor() in C:\Users\chidu\OneDrive\Documents\GitHub\edutracker\backend\EduTracker.Api.IntegrationTests\EduTrackerAppFactory.cs:line 15&#xD;
   at System.Reflection.MethodBaseInvoker.InterpretedInvoke_Constructor(Object obj, IntPtr* args)&#xD;
   at System.Reflection.MethodBaseInvoker.InvokeWithNoArgs(Object obj, BindingFlags invokeAttr)&#xD;
----- Inner Stack Trace -----&#xD;
&#xD;
----- Inner Stack Trace -----&#xD;
&#xD;
----- Inner Stack Trace -----&#xD;
   at System.IO.Pipes.NamedPipeClientStream.ConnectInternal(Int32 timeout, CancellationToken cancellationToken, Int32 startTime)&#xD;
   at System.Threading.ExecutionContext.RunFromThreadPoolDispatchLoop(Thread threadPoolThread, ExecutionContext executionContext, ContextCallback callback, Object state)&#xD;
--- End of stack trace from previous location ---&#xD;
   at System.Threading.ExecutionContext.RunFromThreadPoolDispatchLoop(Thread threadPoolThread, ExecutionContext executionContext, ContextCallback callback, Object state)&#xD;
   at System.Threading.Tasks.Task.ExecuteWithThreadLocal(Task&amp; currentTaskSlot, Thread threadPoolThread)&#xD;
--- End of stack trace from previous location ---&#xD;
   at Docker.DotNet.NPipe.DockerHandlerFactory.&lt;&gt;c__DisplayClass5_0.&lt;&lt;CreateHandler&gt;b__0&gt;d.MoveNext() in /_/src/Docker.DotNet.NPipe/DockerHandlerFactory.cs:line 58&#xD;
--- End of stack trace from previous location ---&#xD;
   at Microsoft.Net.Http.Client.ManagedHandler.ProcessRequestAsync(HttpRequestMessage request, CancellationToken cancellationToken) in /_/src/Microsoft.Net.Http.Client/ManagedHandler.cs:line 158&#xD;
   at Microsoft.Net.Http.Client.ManagedHandler.SendAsync(HttpRequestMessage httpRequestMessage, CancellationToken cancellationToken) in /_/src/Microsoft.Net.Http.Client/ManagedHandler.cs:line 75&#xD;
   at System.Net.Http.HttpClient.&lt;SendAsync&gt;g__Core|83_0(HttpRequestMessage request, HttpCompletionOption completionOption, CancellationTokenSource cts, Boolean disposeCts, CancellationTokenSource pendingRequestsCts, CancellationToken originalCancellationToken)&#xD;
   at Docker.DotNet.DockerClient.PrivateMakeRequestAsync(TimeSpan timeout, HttpCompletionOption completionOption, HttpMethod method, String path, IQueryString queryString, IDictionary`2 headers, IRequestContent data, CancellationToken cancellationToken) in /_/src/Docker.DotNet/DockerClient.cs:line 393&#xD;
   at Docker.DotNet.DockerClient.MakeRequestAsync[T](IEnumerable`1 errorHandlers, HttpMethod method, String path, IQueryString queryString, IRequestContent body, IDictionary`2 headers, TimeSpan timeout, CancellationToken cancellationToken) in /_/src/Docker.DotNet/DockerClient.cs:line 173&#xD;
   at Docker.DotNet.SystemOperations.PingAsync(CancellationToken cancellationToken) in /_/src/Docker.DotNet/Endpoints/SystemOperations.cs:line 33&#xD;
   at DotNet.Testcontainers.Builders.DockerEndpointAuthenticationProvider.&lt;&gt;c__DisplayClass5_0.&lt;&lt;IsAvailable&gt;b__0&gt;d.MoveNext() in /_/src/Testcontainers/Builders/DockerEndpointAuthenticationProvider.cs:line 46</StackTrace>
        </ErrorInfo>
      </Output>
    </UnitTestResult>
    <UnitTestResult executionId="f575e3b8-5a58-4317-9e83-7489cf1f588a" testId="b2e56be8-7218-c752-9b77-d9d931941de3" testName="EduTracker.Api.IntegrationTests.AuthorizationTests.DeleteOrganization_AsOwner_Succeeds" computerName="KING_VINCENZO" duration="00:00:00.0010000" startTime="2026-09-20T12:34:58.5063577+01:00" endTime="2026-09-20T12:34:58.5063582+01:00" testType="13cdc9d9-ddb5-4fa4-a97d-d965ccfc6d4b" outcome="Failed" testListId="8c84fa94-04c1-424b-9868-57a2d4851a1d" relativeResultsDirectory="f575e3b8-5a58-4317-9e83-7489cf1f588a">
      <Output>
        <ErrorInfo>
          <Message>DotNet.Testcontainers.Builders.DockerUnavailableException : Docker is either not running or misconfigured. Please ensure that Docker is running and that the endpoint is properly configured.&#xD;
You can customize your configuration using either the environment variables or the ~/.testcontainers.properties file.&#xD;
For more information, visit: https://dotnet.testcontainers.org/custom_configuration/.&#xD;
  Details: &#xD;
    Failed to connect to Docker endpoint at 'npipe://./pipe/docker_engine'.&#xD;
---- System.AggregateException : One or more errors occurred. (Failed to connect to Docker endpoint at 'npipe://./pipe/docker_engine'.)&#xD;
-------- DotNet.Testcontainers.Builders.DockerUnavailableException : Failed to connect to Docker endpoint at 'npipe://./pipe/docker_engine'.&#xD;
------------ System.TimeoutException : The operation has timed out.</Message>
          <StackTrace>   at DotNet.Testcontainers.Guard.ThrowIf[TType](ArgumentInfo`1&amp; argument, Func`2 condition, Func`2 ifClause) in /_/src/Testcontainers/Guard.Null.cs:line 62&#xD;
   at DotNet.Testcontainers.Builders.AbstractBuilder`4.Validate() in /_/src/Testcontainers/Builders/AbstractBuilder`4.cs:line 153&#xD;
   at DotNet.Testcontainers.Builders.ContainerBuilder`3.Validate() in /_/src/Testcontainers/Builders/ContainerBuilder`3.cs:line 497&#xD;
   at Testcontainers.PostgreSql.PostgreSqlBuilder.Validate() in /_/src/Testcontainers.PostgreSql/PostgreSqlBuilder.cs:line 173&#xD;
   at Testcontainers.PostgreSql.PostgreSqlBuilder.Build() in /_/src/Testcontainers.PostgreSql/PostgreSqlBuilder.cs:line 147&#xD;
   at EduTracker.Api.IntegrationTests.EduTrackerAppFactory..ctor() in C:\Users\chidu\OneDrive\Documents\GitHub\edutracker\backend\EduTracker.Api.IntegrationTests\EduTrackerAppFactory.cs:line 15&#xD;
   at System.Reflection.MethodBaseInvoker.InterpretedInvoke_Constructor(Object obj, IntPtr* args)&#xD;
   at System.Reflection.MethodBaseInvoker.InvokeWithNoArgs(Object obj, BindingFlags invokeAttr)&#xD;
----- Inner Stack Trace -----&#xD;
&#xD;
----- Inner Stack Trace -----&#xD;
&#xD;
----- Inner Stack Trace -----&#xD;
   at System.IO.Pipes.NamedPipeClientStream.ConnectInternal(Int32 timeout, CancellationToken cancellationToken, Int32 startTime)&#xD;
   at System.Threading.ExecutionContext.RunFromThreadPoolDispatchLoop(Thread threadPoolThread, ExecutionContext executionContext, ContextCallback callback, Object state)&#xD;
--- End of stack trace from previous location ---&#xD;
   at System.Threading.ExecutionContext.RunFromThreadPoolDispatchLoop(Thread threadPoolThread, ExecutionContext executionContext, ContextCallback callback, Object state)&#xD;
   at System.Threading.Tasks.Task.ExecuteWithThreadLocal(Task&amp; currentTaskSlot, Thread threadPoolThread)&#xD;
--- End of stack trace from previous location ---&#xD;
   at Docker.DotNet.NPipe.DockerHandlerFactory.&lt;&gt;c__DisplayClass5_0.&lt;&lt;CreateHandler&gt;b__0&gt;d.MoveNext() in /_/src/Docker.DotNet.NPipe/DockerHandlerFactory.cs:line 58&#xD;
--- End of stack trace from previous location ---&#xD;
   at Microsoft.Net.Http.Client.ManagedHandler.ProcessRequestAsync(HttpRequestMessage request, CancellationToken cancellationToken) in /_/src/Microsoft.Net.Http.Client/ManagedHandler.cs:line 158&#xD;
   at Microsoft.Net.Http.Client.ManagedHandler.SendAsync(HttpRequestMessage httpRequestMessage, CancellationToken cancellationToken) in /_/src/Microsoft.Net.Http.Client/ManagedHandler.cs:line 75&#xD;
   at System.Net.Http.HttpClient.&lt;SendAsync&gt;g__Core|83_0(HttpRequestMessage request, HttpCompletionOption completionOption, CancellationTokenSource cts, Boolean disposeCts, CancellationTokenSource pendingRequestsCts, CancellationToken originalCancellationToken)&#xD;
   at Docker.DotNet.DockerClient.PrivateMakeRequestAsync(TimeSpan timeout, HttpCompletionOption completionOption, HttpMethod method, String path, IQueryString queryString, IDictionary`2 headers, IRequestContent data, CancellationToken cancellationToken) in /_/src/Docker.DotNet/DockerClient.cs:line 393&#xD;
   at Docker.DotNet.DockerClient.MakeRequestAsync[T](IEnumerable`1 errorHandlers, HttpMethod method, String path, IQueryString queryString, IRequestContent body, IDictionary`2 headers, TimeSpan timeout, CancellationToken cancellationToken) in /_/src/Docker.DotNet/DockerClient.cs:line 173&#xD;
   at Docker.DotNet.SystemOperations.PingAsync(CancellationToken cancellationToken) in /_/src/Docker.DotNet/Endpoints/SystemOperations.cs:line 33&#xD;
   at DotNet.Testcontainers.Builders.DockerEndpointAuthenticationProvider.&lt;&gt;c__DisplayClass5_0.&lt;&lt;IsAvailable&gt;b__0&gt;d.MoveNext() in /_/src/Testcontainers/Builders/DockerEndpointAuthenticationProvider.cs:line 46</StackTrace>
        </ErrorInfo>
      </Output>
    </UnitTestResult>
    <UnitTestResult executionId="9fb8e2d9-045b-4552-8de9-a50effb157fc" testId="50b3bfba-f224-95aa-920b-36933d509d0c" testName="EduTracker.Api.IntegrationTests.CrossOrganizationIsolationTests.GetOrganization_UnknownId_Returns403" computerName="KING_VINCENZO" duration="00:00:00.0010000" startTime="2026-09-20T12:34:58.9283723+01:00" endTime="2026-09-20T12:34:58.9283725+01:00" testType="13cdc9d9-ddb5-4fa4-a97d-d965ccfc6d4b" outcome="Failed" testListId="8c84fa94-04c1-424b-9868-57a2d4851a1d" relativeResultsDirectory="9fb8e2d9-045b-4552-8de9-a50effb157fc">
      <Output>
        <ErrorInfo>
          <Message>DotNet.Testcontainers.Builders.DockerUnavailableException : Docker is either not running or misconfigured. Please ensure that Docker is running and that the endpoint is properly configured.&#xD;
You can customize your configuration using either the environment variables or the ~/.testcontainers.properties file.&#xD;
For more information, visit: https://dotnet.testcontainers.org/custom_configuration/.&#xD;
  Details: &#xD;
    Failed to connect to Docker endpoint at 'npipe://./pipe/docker_engine'.&#xD;
---- System.AggregateException : One or more errors occurred. (Failed to connect to Docker endpoint at 'npipe://./pipe/docker_engine'.)&#xD;
-------- DotNet.Testcontainers.Builders.DockerUnavailableException : Failed to connect to Docker endpoint at 'npipe://./pipe/docker_engine'.&#xD;
------------ System.TimeoutException : The operation has timed out.</Message>
          <StackTrace>   at DotNet.Testcontainers.Guard.ThrowIf[TType](ArgumentInfo`1&amp; argument, Func`2 condition, Func`2 ifClause) in /_/src/Testcontainers/Guard.Null.cs:line 62&#xD;
   at DotNet.Testcontainers.Builders.AbstractBuilder`4.Validate() in /_/src/Testcontainers/Builders/AbstractBuilder`4.cs:line 153&#xD;
   at DotNet.Testcontainers.Builders.ContainerBuilder`3.Validate() in /_/src/Testcontainers/Builders/ContainerBuilder`3.cs:line 497&#xD;
   at Testcontainers.PostgreSql.PostgreSqlBuilder.Validate() in /_/src/Testcontainers.PostgreSql/PostgreSqlBuilder.cs:line 173&#xD;
   at Testcontainers.PostgreSql.PostgreSqlBuilder.Build() in /_/src/Testcontainers.PostgreSql/PostgreSqlBuilder.cs:line 147&#xD;
   at EduTracker.Api.IntegrationTests.EduTrackerAppFactory..ctor() in C:\Users\chidu\OneDrive\Documents\GitHub\edutracker\backend\EduTracker.Api.IntegrationTests\EduTrackerAppFactory.cs:line 15&#xD;
   at System.Reflection.MethodBaseInvoker.InterpretedInvoke_Constructor(Object obj, IntPtr* args)&#xD;
   at System.Reflection.MethodBaseInvoker.InvokeWithNoArgs(Object obj, BindingFlags invokeAttr)&#xD;
----- Inner Stack Trace -----&#xD;
&#xD;
----- Inner Stack Trace -----&#xD;
&#xD;
----- Inner Stack Trace -----&#xD;
   at System.IO.Pipes.NamedPipeClientStream.ConnectInternal(Int32 timeout, CancellationToken cancellationToken, Int32 startTime)&#xD;
   at System.Threading.ExecutionContext.RunFromThreadPoolDispatchLoop(Thread threadPoolThread, ExecutionContext executionContext, ContextCallback callback, Object state)&#xD;
--- End of stack trace from previous location ---&#xD;
   at System.Threading.ExecutionContext.RunFromThreadPoolDispatchLoop(Thread threadPoolThread, ExecutionContext executionContext, ContextCallback callback, Object state)&#xD;
   at System.Threading.Tasks.Task.ExecuteWithThreadLocal(Task&amp; currentTaskSlot, Thread threadPoolThread)&#xD;
--- End of stack trace from previous location ---&#xD;
   at Docker.DotNet.NPipe.DockerHandlerFactory.&lt;&gt;c__DisplayClass5_0.&lt;&lt;CreateHandler&gt;b__0&gt;d.MoveNext() in /_/src/Docker.DotNet.NPipe/DockerHandlerFactory.cs:line 58&#xD;
--- End of stack trace from previous location ---&#xD;
   at Microsoft.Net.Http.Client.ManagedHandler.ProcessRequestAsync(HttpRequestMessage request, CancellationToken cancellationToken) in /_/src/Microsoft.Net.Http.Client/ManagedHandler.cs:line 158&#xD;
   at Microsoft.Net.Http.Client.ManagedHandler.SendAsync(HttpRequestMessage httpRequestMessage, CancellationToken cancellationToken) in /_/src/Microsoft.Net.Http.Client/ManagedHandler.cs:line 75&#xD;
   at System.Net.Http.HttpClient.&lt;SendAsync&gt;g__Core|83_0(HttpRequestMessage request, HttpCompletionOption completionOption, CancellationTokenSource cts, Boolean disposeCts, CancellationTokenSource pendingRequestsCts, CancellationToken originalCancellationToken)&#xD;
   at Docker.DotNet.DockerClient.PrivateMakeRequestAsync(TimeSpan timeout, HttpCompletionOption completionOption, HttpMethod method, String path, IQueryString queryString, IDictionary`2 headers, IRequestContent data, CancellationToken cancellationToken) in /_/src/Docker.DotNet/DockerClient.cs:line 393&#xD;
   at Docker.DotNet.DockerClient.MakeRequestAsync[T](IEnumerable`1 errorHandlers, HttpMethod method, String path, IQueryString queryString, IRequestContent body, IDictionary`2 headers, TimeSpan timeout, CancellationToken cancellationToken) in /_/src/Docker.DotNet/DockerClient.cs:line 173&#xD;
   at Docker.DotNet.SystemOperations.PingAsync(CancellationToken cancellationToken) in /_/src/Docker.DotNet/Endpoints/SystemOperations.cs:line 33&#xD;
   at DotNet.Testcontainers.Builders.DockerEndpointAuthenticationProvider.&lt;&gt;c__DisplayClass5_0.&lt;&lt;IsAvailable&gt;b__0&gt;d.MoveNext() in /_/src/Testcontainers/Builders/DockerEndpointAuthenticationProvider.cs:line 46</StackTrace>
        </ErrorInfo>
      </Output>
    </UnitTestResult>
    <UnitTestResult executionId="b627b3e3-0b1e-4261-8a26-e5dc6f490d02" testId="ef2f5807-0e5e-cb07-22ef-03016c537b93" testName="EduTracker.Api.IntegrationTests.AuthTests.Register_Login_Me_Succeeds" computerName="KING_VINCENZO" duration="00:00:00.0010000" startTime="2026-09-20T12:34:58.6958183+01:00" endTime="2026-09-20T12:34:58.6958210+01:00" testType="13cdc9d9-ddb5-4fa4-a97d-d965ccfc6d4b" outcome="Failed" testListId="8c84fa94-04c1-424b-9868-57a2d4851a1d" relativeResultsDirectory="b627b3e3-0b1e-4261-8a26-e5dc6f490d02">
      <Output>
        <ErrorInfo>
          <Message>DotNet.Testcontainers.Builders.DockerUnavailableException : Docker is either not running or misconfigured. Please ensure that Docker is running and that the endpoint is properly configured.&#xD;
You can customize your configuration using either the environment variables or the ~/.testcontainers.properties file.&#xD;
For more information, visit: https://dotnet.testcontainers.org/custom_configuration/.&#xD;
  Details: &#xD;
    Failed to connect to Docker endpoint at 'npipe://./pipe/docker_engine'.&#xD;
---- System.AggregateException : One or more errors occurred. (Failed to connect to Docker endpoint at 'npipe://./pipe/docker_engine'.)&#xD;
-------- DotNet.Testcontainers.Builders.DockerUnavailableException : Failed to connect to Docker endpoint at 'npipe://./pipe/docker_engine'.&#xD;
------------ System.TimeoutException : The operation has timed out.</Message>
          <StackTrace>   at DotNet.Testcontainers.Guard.ThrowIf[TType](ArgumentInfo`1&amp; argument, Func`2 condition, Func`2 ifClause) in /_/src/Testcontainers/Guard.Null.cs:line 62&#xD;
   at DotNet.Testcontainers.Builders.AbstractBuilder`4.Validate() in /_/src/Testcontainers/Builders/AbstractBuilder`4.cs:line 153&#xD;
   at DotNet.Testcontainers.Builders.ContainerBuilder`3.Validate() in /_/src/Testcontainers/Builders/ContainerBuilder`3.cs:line 497&#xD;
   at Testcontainers.PostgreSql.PostgreSqlBuilder.Validate() in /_/src/Testcontainers.PostgreSql/PostgreSqlBuilder.cs:line 173&#xD;
   at Testcontainers.PostgreSql.PostgreSqlBuilder.Build() in /_/src/Testcontainers.PostgreSql/PostgreSqlBuilder.cs:line 147&#xD;
   at EduTracker.Api.IntegrationTests.EduTrackerAppFactory..ctor() in C:\Users\chidu\OneDrive\Documents\GitHub\edutracker\backend\EduTracker.Api.IntegrationTests\EduTrackerAppFactory.cs:line 15&#xD;
   at System.Reflection.MethodBaseInvoker.InterpretedInvoke_Constructor(Object obj, IntPtr* args)&#xD;
   at System.Reflection.MethodBaseInvoker.InvokeWithNoArgs(Object obj, BindingFlags invokeAttr)&#xD;
----- Inner Stack Trace -----&#xD;
&#xD;
----- Inner Stack Trace -----&#xD;
&#xD;
----- Inner Stack Trace -----&#xD;
   at System.IO.Pipes.NamedPipeClientStream.ConnectInternal(Int32 timeout, CancellationToken cancellationToken, Int32 startTime)&#xD;
   at System.Threading.ExecutionContext.RunFromThreadPoolDispatchLoop(Thread threadPoolThread, ExecutionContext executionContext, ContextCallback callback, Object state)&#xD;
--- End of stack trace from previous location ---&#xD;
   at System.Threading.ExecutionContext.RunFromThreadPoolDispatchLoop(Thread threadPoolThread, ExecutionContext executionContext, ContextCallback callback, Object state)&#xD;
   at System.Threading.Tasks.Task.ExecuteWithThreadLocal(Task&amp; currentTaskSlot, Thread threadPoolThread)&#xD;
--- End of stack trace from previous location ---&#xD;
   at Docker.DotNet.NPipe.DockerHandlerFactory.&lt;&gt;c__DisplayClass5_0.&lt;&lt;CreateHandler&gt;b__0&gt;d.MoveNext() in /_/src/Docker.DotNet.NPipe/DockerHandlerFactory.cs:line 58&#xD;
--- End of stack trace from previous location ---&#xD;
   at Microsoft.Net.Http.Client.ManagedHandler.ProcessRequestAsync(HttpRequestMessage request, CancellationToken cancellationToken) in /_/src/Microsoft.Net.Http.Client/ManagedHandler.cs:line 158&#xD;
   at Microsoft.Net.Http.Client.ManagedHandler.SendAsync(HttpRequestMessage httpRequestMessage, CancellationToken cancellationToken) in /_/src/Microsoft.Net.Http.Client/ManagedHandler.cs:line 75&#xD;
   at System.Net.Http.HttpClient.&lt;SendAsync&gt;g__Core|83_0(HttpRequestMessage request, HttpCompletionOption completionOption, CancellationTokenSource cts, Boolean disposeCts, CancellationTokenSource pendingRequestsCts, CancellationToken originalCancellationToken)&#xD;
   at Docker.DotNet.DockerClient.PrivateMakeRequestAsync(TimeSpan timeout, HttpCompletionOption completionOption, HttpMethod method, String path, IQueryString queryString, IDictionary`2 headers, IRequestContent data, CancellationToken cancellationToken) in /_/src/Docker.DotNet/DockerClient.cs:line 393&#xD;
   at Docker.DotNet.DockerClient.MakeRequestAsync[T](IEnumerable`1 errorHandlers, HttpMethod method, String path, IQueryString queryString, IRequestContent body, IDictionary`2 headers, TimeSpan timeout, CancellationToken cancellationToken) in /_/src/Docker.DotNet/DockerClient.cs:line 173&#xD;
   at Docker.DotNet.SystemOperations.PingAsync(CancellationToken cancellationToken) in /_/src/Docker.DotNet/Endpoints/SystemOperations.cs:line 33&#xD;
   at DotNet.Testcontainers.Builders.DockerEndpointAuthenticationProvider.&lt;&gt;c__DisplayClass5_0.&lt;&lt;IsAvailable&gt;b__0&gt;d.MoveNext() in /_/src/Testcontainers/Builders/DockerEndpointAuthenticationProvider.cs:line 46</StackTrace>
        </ErrorInfo>
      </Output>
    </UnitTestResult>
    <UnitTestResult executionId="0a05c318-687c-41eb-b705-9f488f824851" testId="e1588c66-762e-b753-ec85-f2d2cd091c1a" testName="EduTracker.Api.IntegrationTests.AuthTests.Logout_RevokesSession_SubsequentUseIsRejected" computerName="KING_VINCENZO" duration="00:00:00.0010000" startTime="2026-09-20T12:34:58.6754513+01:00" endTime="2026-09-20T12:34:58.6754519+01:00" testType="13cdc9d9-ddb5-4fa4-a97d-d965ccfc6d4b" outcome="Failed" testListId="8c84fa94-04c1-424b-9868-57a2d4851a1d" relativeResultsDirectory="0a05c318-687c-41eb-b705-9f488f824851">
      <Output>
        <ErrorInfo>
          <Message>DotNet.Testcontainers.Builders.DockerUnavailableException : Docker is either not running or misconfigured. Please ensure that Docker is running and that the endpoint is properly configured.&#xD;
You can customize your configuration using either the environment variables or the ~/.testcontainers.properties file.&#xD;
For more information, visit: https://dotnet.testcontainers.org/custom_configuration/.&#xD;
  Details: &#xD;
    Failed to connect to Docker endpoint at 'npipe://./pipe/docker_engine'.&#xD;
---- System.AggregateException : One or more errors occurred. (Failed to connect to Docker endpoint at 'npipe://./pipe/docker_engine'.)&#xD;
-------- DotNet.Testcontainers.Builders.DockerUnavailableException : Failed to connect to Docker endpoint at 'npipe://./pipe/docker_engine'.&#xD;
------------ System.TimeoutException : The operation has timed out.</Message>
          <StackTrace>   at DotNet.Testcontainers.Guard.ThrowIf[TType](ArgumentInfo`1&amp; argument, Func`2 condition, Func`2 ifClause) in /_/src/Testcontainers/Guard.Null.cs:line 62&#xD;
   at DotNet.Testcontainers.Builders.AbstractBuilder`4.Validate() in /_/src/Testcontainers/Builders/AbstractBuilder`4.cs:line 153&#xD;
   at DotNet.Testcontainers.Builders.ContainerBuilder`3.Validate() in /_/src/Testcontainers/Builders/ContainerBuilder`3.cs:line 497&#xD;
   at Testcontainers.PostgreSql.PostgreSqlBuilder.Validate() in /_/src/Testcontainers.PostgreSql/PostgreSqlBuilder.cs:line 173&#xD;
   at Testcontainers.PostgreSql.PostgreSqlBuilder.Build() in /_/src/Testcontainers.PostgreSql/PostgreSqlBuilder.cs:line 147&#xD;
   at EduTracker.Api.IntegrationTests.EduTrackerAppFactory..ctor() in C:\Users\chidu\OneDrive\Documents\GitHub\edutracker\backend\EduTracker.Api.IntegrationTests\EduTrackerAppFactory.cs:line 15&#xD;
   at System.Reflection.MethodBaseInvoker.InterpretedInvoke_Constructor(Object obj, IntPtr* args)&#xD;
   at System.Reflection.MethodBaseInvoker.InvokeWithNoArgs(Object obj, BindingFlags invokeAttr)&#xD;
----- Inner Stack Trace -----&#xD;
&#xD;
----- Inner Stack Trace -----&#xD;
&#xD;
----- Inner Stack Trace -----&#xD;
   at System.IO.Pipes.NamedPipeClientStream.ConnectInternal(Int32 timeout, CancellationToken cancellationToken, Int32 startTime)&#xD;
   at System.Threading.ExecutionContext.RunFromThreadPoolDispatchLoop(Thread threadPoolThread, ExecutionContext executionContext, ContextCallback callback, Object state)&#xD;
--- End of stack trace from previous location ---&#xD;
   at System.Threading.ExecutionContext.RunFromThreadPoolDispatchLoop(Thread threadPoolThread, ExecutionContext executionContext, ContextCallback callback, Object state)&#xD;
   at System.Threading.Tasks.Task.ExecuteWithThreadLocal(Task&amp; currentTaskSlot, Thread threadPoolThread)&#xD;
--- End of stack trace from previous location ---&#xD;
   at Docker.DotNet.NPipe.DockerHandlerFactory.&lt;&gt;c__DisplayClass5_0.&lt;&lt;CreateHandler&gt;b__0&gt;d.MoveNext() in /_/src/Docker.DotNet.NPipe/DockerHandlerFactory.cs:line 58&#xD;
--- End of stack trace from previous location ---&#xD;
   at Microsoft.Net.Http.Client.ManagedHandler.ProcessRequestAsync(HttpRequestMessage request, CancellationToken cancellationToken) in /_/src/Microsoft.Net.Http.Client/ManagedHandler.cs:line 158&#xD;
[...]
[xUnit.net 00:00:20.45]         C:\Users\chidu\OneDrive\Documents\GitHub\edutracker\backend\EduTracker.Api.IntegrationTests\EduTrackerAppFactory.cs(15,0): at EduTracker.Api.IntegrationTests.EduTrackerAppFactory..ctor()&#xD;
[xUnit.net 00:00:20.45]            at System.Reflection.MethodBaseInvoker.InterpretedInvoke_Constructor(Object obj, IntPtr* args)&#xD;
[xUnit.net 00:00:20.45]            at System.Reflection.MethodBaseInvoker.InvokeWithNoArgs(Object obj, BindingFlags invokeAttr)&#xD;
[xUnit.net 00:00:20.45]         ----- Inner Stack Trace -----&#xD;
[xUnit.net 00:00:20.45]         &#xD;
[xUnit.net 00:00:20.45]         ----- Inner Stack Trace -----&#xD;
[xUnit.net 00:00:20.45]         &#xD;
[xUnit.net 00:00:20.45]         ----- Inner Stack Trace -----&#xD;
[xUnit.net 00:00:20.45]            at System.IO.Pipes.NamedPipeClientStream.ConnectInternal(Int32 timeout, CancellationToken cancellationToken, Int32 startTime)&#xD;
[xUnit.net 00:00:20.45]            at System.Threading.ExecutionContext.RunFromThreadPoolDispatchLoop(Thread threadPoolThread, ExecutionContext executionContext, ContextCallback callback, Object state)&#xD;
[xUnit.net 00:00:20.45]         --- End of stack trace from previous location ---&#xD;
[xUnit.net 00:00:20.45]            at System.Threading.ExecutionContext.RunFromThreadPoolDispatchLoop(Thread threadPoolThread, ExecutionContext executionContext, ContextCallback callback, Object state)&#xD;
[xUnit.net 00:00:20.45]            at System.Threading.Tasks.Task.ExecuteWithThreadLocal(Task&amp; currentTaskSlot, Thread threadPoolThread)&#xD;
[xUnit.net 00:00:20.45]         --- End of stack trace from previous location ---&#xD;
[xUnit.net 00:00:20.45]         /_/src/Docker.DotNet.NPipe/DockerHandlerFactory.cs(58,0): at Docker.DotNet.NPipe.DockerHandlerFactory.&lt;&gt;c__DisplayClass5_0.&lt;&lt;CreateHandler&gt;b__0&gt;d.MoveNext()&#xD;
[xUnit.net 00:00:20.45]         --- End of stack trace from previous location ---&#xD;
[xUnit.net 00:00:20.45]         /_/src/Microsoft.Net.Http.Client/ManagedHandler.cs(158,0): at Microsoft.Net.Http.Client.ManagedHandler.ProcessRequestAsync(HttpRequestMessage request, CancellationToken cancellationToken)&#xD;
[xUnit.net 00:00:20.45]         /_/src/Microsoft.Net.Http.Client/ManagedHandler.cs(75,0): at Microsoft.Net.Http.Client.ManagedHandler.SendAsync(HttpRequestMessage httpRequestMessage, CancellationToken cancellationToken)&#xD;
[xUnit.net 00:00:20.45]            at System.Net.Http.HttpClient.&lt;SendAsync&gt;g__Core|83_0(HttpRequestMessage request, HttpCompletionOption completionOption, CancellationTokenSource cts, Boolean disposeCts, CancellationTokenSource pendingRequestsCts, CancellationToken originalCancellationToken)&#xD;
[xUnit.net 00:00:20.45]         /_/src/Docker.DotNet/DockerClient.cs(393,0): at Docker.DotNet.DockerClient.PrivateMakeRequestAsync(TimeSpan timeout, HttpCompletionOption completionOption, HttpMethod method, String path, IQueryString queryString, IDictionary`2 headers, IRequestContent data, CancellationToken cancellationToken)&#xD;
[xUnit.net 00:00:20.45]         /_/src/Docker.DotNet/DockerClient.cs(173,0): at Docker.DotNet.DockerClient.MakeRequestAsync[T](IEnumerable`1 errorHandlers, HttpMethod method, String path, IQueryString queryString, IRequestContent body, IDictionary`2 headers, TimeSpan timeout, CancellationToken cancellationToken)&#xD;
[xUnit.net 00:00:20.45]         /_/src/Docker.DotNet/Endpoints/SystemOperations.cs(33,0): at Docker.DotNet.SystemOperations.PingAsync(CancellationToken cancellationToken)&#xD;
[xUnit.net 00:00:20.45]         /_/src/Testcontainers/Builders/DockerEndpointAuthenticationProvider.cs(46,0): at DotNet.Testcontainers.Builders.DockerEndpointAuthenticationProvider.&lt;&gt;c__DisplayClass5_0.&lt;&lt;IsAvailable&gt;b__0&gt;d.MoveNext()&#xD;
[xUnit.net 00:00:20.48]       DotNet.Testcontainers.Builders.DockerUnavailableException : Docker is either not running or misconfigured. Please ensure that Docker is running and that the endpoint is properly configured.&#xD;
[xUnit.net 00:00:20.48]       You can customize your configuration using either the environment variables or the ~/.testcontainers.properties file.&#xD;
[xUnit.net 00:00:20.48]       For more information, visit: https://dotnet.testcontainers.org/custom_configuration/.&#xD;
[xUnit.net 00:00:20.48]         Details: &#xD;
[xUnit.net 00:00:20.48]           Failed to connect to Docker endpoint at 'npipe://./pipe/docker_engine'.&#xD;
[xUnit.net 00:00:20.48]       ---- System.AggregateException : One or more errors occurred. (Failed to connect to Docker endpoint at 'npipe://./pipe/docker_engine'.)&#xD;
[xUnit.net 00:00:20.48]       -------- DotNet.Testcontainers.Builders.DockerUnavailableException : Failed to connect to Docker endpoint at 'npipe://./pipe/docker_engine'.&#xD;
[xUnit.net 00:00:20.48]       ------------ System.TimeoutException : The operation has timed out.&#xD;
[xUnit.net 00:00:20.48]       Stack Trace:&#xD;
[xUnit.net 00:00:20.48]         /_/src/Testcontainers/Guard.Null.cs(62,0): at DotNet.Testcontainers.Guard.ThrowIf[TType](ArgumentInfo`1&amp; argument, Func`2 condition, Func`2 ifClause)&#xD;
[xUnit.net 00:00:20.48]         /_/src/Testcontainers/Builders/AbstractBuilder`4.cs(153,0): at DotNet.Testcontainers.Builders.AbstractBuilder`4.Validate()&#xD;
[xUnit.net 00:00:20.49]         /_/src/Testcontainers/Builders/ContainerBuilder`3.cs(497,0): at DotNet.Testcontainers.Builders.ContainerBuilder`3.Validate()&#xD;
[xUnit.net 00:00:20.49]         /_/src/Testcontainers.PostgreSql/PostgreSqlBuilder.cs(173,0): at Testcontainers.PostgreSql.PostgreSqlBuilder.Validate()&#xD;
[xUnit.net 00:00:20.49]         /_/src/Testcontainers.PostgreSql/PostgreSqlBuilder.cs(147,0): at Testcontainers.PostgreSql.PostgreSqlBuilder.Build()&#xD;
[xUnit.net 00:00:20.49]         C:\Users\chidu\OneDrive\Documents\GitHub\edutracker\backend\EduTracker.Api.IntegrationTests\EduTrackerAppFactory.cs(15,0): at EduTracker.Api.IntegrationTests.EduTrackerAppFactory..ctor()&#xD;
[xUnit.net 00:00:20.49]            at System.Reflection.MethodBaseInvoker.InterpretedInvoke_Constructor(Object obj, IntPtr* args)&#xD;
[xUnit.net 00:00:20.49]            at System.Reflection.MethodBaseInvoker.InvokeWithNoArgs(Object obj, BindingFlags invokeAttr)&#xD;
[xUnit.net 00:00:20.50]         ----- Inner Stack Trace -----&#xD;
[xUnit.net 00:00:20.50]         &#xD;
[xUnit.net 00:00:20.50]         ----- Inner Stack Trace -----&#xD;
[xUnit.net 00:00:20.50]         &#xD;
[xUnit.net 00:00:20.50]         ----- Inner Stack Trace -----&#xD;
[xUnit.net 00:00:20.50]            at System.IO.Pipes.NamedPipeClientStream.ConnectInternal(Int32 timeout, CancellationToken cancellationToken, Int32 startTime)&#xD;
[xUnit.net 00:00:20.50]            at System.Threading.ExecutionContext.RunFromThreadPoolDispatchLoop(Thread threadPoolThread, ExecutionContext executionContext, ContextCallback callback, Object state)&#xD;
[xUnit.net 00:00:20.50]         --- End of stack trace from previous location ---&#xD;
[xUnit.net 00:00:20.51]            at System.Threading.ExecutionContext.RunFromThreadPoolDispatchLoop(Thread threadPoolThread, ExecutionContext executionContext, ContextCallback callback, Object state)&#xD;
[xUnit.net 00:00:20.51]            at System.Threading.Tasks.Task.ExecuteWithThreadLocal(Task&amp; currentTaskSlot, Thread threadPoolThread)&#xD;
[xUnit.net 00:00:20.51]         --- End of stack trace from previous location ---&#xD;
[xUnit.net 00:00:20.51]         /_/src/Docker.DotNet.NPipe/DockerHandlerFactory.cs(58,0): at Docker.DotNet.NPipe.DockerHandlerFactory.&lt;&gt;c__DisplayClass5_0.&lt;&lt;CreateHandler&gt;b__0&gt;d.MoveNext()&#xD;
[xUnit.net 00:00:20.51]         --- End of stack trace from previous location ---&#xD;
[xUnit.net 00:00:20.52]         /_/src/Microsoft.Net.Http.Client/ManagedHandler.cs(158,0): at Microsoft.Net.Http.Client.ManagedHandler.ProcessRequestAsync(HttpRequestMessage request, CancellationToken cancellationToken)&#xD;
[xUnit.net 00:00:20.52]         /_/src/Microsoft.Net.Http.Client/ManagedHandler.cs(75,0): at Microsoft.Net.Http.Client.ManagedHandler.SendAsync(HttpRequestMessage httpRequestMessage, CancellationToken cancellationToken)&#xD;
[xUnit.net 00:00:20.52]            at System.Net.Http.HttpClient.&lt;SendAsync&gt;g__Core|83_0(HttpRequestMessage request, HttpCompletionOption completionOption, CancellationTokenSource cts, Boolean disposeCts, CancellationTokenSource pendingRequestsCts, CancellationToken originalCancellationToken)&#xD;
[xUnit.net 00:00:20.52]         /_/src/Docker.DotNet/DockerClient.cs(393,0): at Docker.DotNet.DockerClient.PrivateMakeRequestAsync(TimeSpan timeout, HttpCompletionOption completionOption, HttpMethod method, String path, IQueryString queryString, IDictionary`2 headers, IRequestContent data, CancellationToken cancellationToken)&#xD;
[xUnit.net 00:00:20.52]         /_/src/Docker.DotNet/DockerClient.cs(173,0): at Docker.DotNet.DockerClient.MakeRequestAsync[T](IEnumerable`1 errorHandlers, HttpMethod method, String path, IQueryString queryString, IRequestContent body, IDictionary`2 headers, TimeSpan timeout, CancellationToken cancellationToken)&#xD;
[xUnit.net 00:00:20.52]         /_/src/Docker.DotNet/Endpoints/SystemOperations.cs(33,0): at Docker.DotNet.SystemOperations.PingAsync(CancellationToken cancellationToken)&#xD;
[xUnit.net 00:00:20.52]         /_/src/Testcontainers/Builders/DockerEndpointAuthenticationProvider.cs(46,0): at DotNet.Testcontainers.Builders.DockerEndpointAuthenticationProvider.&lt;&gt;c__DisplayClass5_0.&lt;&lt;IsAvailable&gt;b__0&gt;d.MoveNext()&#xD;
[xUnit.net 00:00:20.53]       DotNet.Testcontainers.Builders.DockerUnavailableException : Docker is either not running or misconfigured. Please ensure that Docker is running and that the endpoint is properly configured.&#xD;
[xUnit.net 00:00:20.53]       You can customize your configuration using either the environment variables or the ~/.testcontainers.properties file.&#xD;
[xUnit.net 00:00:20.53]       For more information, visit: https://dotnet.testcontainers.org/custom_configuration/.&#xD;
[xUnit.net 00:00:20.53]         Details: &#xD;
[xUnit.net 00:00:20.53]           Failed to connect to Docker endpoint at 'npipe://./pipe/docker_engine'.&#xD;
[xUnit.net 00:00:20.53]       ---- System.AggregateException : One or more errors occurred. (Failed to connect to Docker endpoint at 'npipe://./pipe/docker_engine'.)&#xD;
[xUnit.net 00:00:20.53]       -------- DotNet.Testcontainers.Builders.DockerUnavailableException : Failed to connect to Docker endpoint at 'npipe://./pipe/docker_engine'.&#xD;
[xUnit.net 00:00:20.53]       ------------ System.TimeoutException : The operation has timed out.&#xD;
[xUnit.net 00:00:20.53]       Stack Trace:&#xD;
[xUnit.net 00:00:20.53]         /_/src/Testcontainers/Guard.Null.cs(62,0): at DotNet.Testcontainers.Guard.ThrowIf[TType](ArgumentInfo`1&amp; argument, Func`2 condition, Func`2 ifClause)&#xD;
[xUnit.net 00:00:20.53]         /_/src/Testcontainers/Builders/AbstractBuilder`4.cs(153,0): at DotNet.Testcontainers.Builders.AbstractBuilder`4.Validate()&#xD;
[xUnit.net 00:00:20.53]         /_/src/Testcontainers/Builders/ContainerBuilder`3.cs(497,0): at DotNet.Testcontainers.Builders.ContainerBuilder`3.Validate()&#xD;
[xUnit.net 00:00:20.53]         /_/src/Testcontainers.PostgreSql/PostgreSqlBuilder.cs(173,0): at Testcontainers.PostgreSql.PostgreSqlBuilder.Validate()&#xD;
[xUnit.net 00:00:20.53]         /_/src/Testcontainers.PostgreSql/PostgreSqlBuilder.cs(147,0): at Testcontainers.PostgreSql.PostgreSqlBuilder.Build()&#xD;
[xUnit.net 00:00:20.58]         C:\Users\chidu\OneDrive\Documents\GitHub\edutracker\backend\EduTracker.Api.IntegrationTests\EduTrackerAppFactory.cs(15,0): at EduTracker.Api.IntegrationTests.EduTrackerAppFactory..ctor()&#xD;
[xUnit.net 00:00:20.58]            at System.Reflection.MethodBaseInvoker.InterpretedInvoke_Constructor(Object obj, IntPtr* args)&#xD;
[xUnit.net 00:00:20.58]            at System.Reflection.MethodBaseInvoker.InvokeWithNoArgs(Object obj, BindingFlags invokeAttr)&#xD;
[xUnit.net 00:00:20.58]         ----- Inner Stack Trace -----&#xD;
[xUnit.net 00:00:20.58]         &#xD;
[xUnit.net 00:00:20.58]         ----- Inner Stack Trace -----&#xD;
[xUnit.net 00:00:20.58]         &#xD;
[xUnit.net 00:00:20.59]         ----- Inner Stack Trace -----&#xD;
[xUnit.net 00:00:20.59]            at System.IO.Pipes.NamedPipeClientStream.ConnectInternal(Int32 timeout, CancellationToken cancellationToken, Int32 startTime)&#xD;
[xUnit.net 00:00:20.60]            at System.Threading.ExecutionContext.RunFromThreadPoolDispatchLoop(Thread threadPoolThread, ExecutionContext executionContext, ContextCallback callback, Object state)&#xD;
[xUnit.net 00:00:20.60]         --- End of stack trace from previous location ---&#xD;
[xUnit.net 00:00:20.60]            at System.Threading.ExecutionContext.RunFromThreadPoolDispatchLoop(Thread threadPoolThread, ExecutionContext executionContext, ContextCallback callback, Object state)&#xD;
[xUnit.net 00:00:20.60]            at System.Threading.Tasks.Task.ExecuteWithThreadLocal(Task&amp; currentTaskSlot, Thread threadPoolThread)&#xD;
[xUnit.net 00:00:20.60]         --- End of stack trace from previous location ---&#xD;
[xUnit.net 00:00:20.60]         /_/src/Docker.DotNet.NPipe/DockerHandlerFactory.cs(58,0): at Docker.DotNet.NPipe.DockerHandlerFactory.&lt;&gt;c__DisplayClass5_0.&lt;&lt;CreateHandler&gt;b__0&gt;d.MoveNext()&#xD;
[xUnit.net 00:00:20.60]         --- End of stack trace from previous location ---&#xD;
[xUnit.net 00:00:20.60]         /_/src/Microsoft.Net.Http.Client/ManagedHandler.cs(158,0): at Microsoft.Net.Http.Client.ManagedHandler.ProcessRequestAsync(HttpRequestMessage request, CancellationToken cancellationToken)&#xD;
[xUnit.net 00:00:20.61]         /_/src/Microsoft.Net.Http.Client/ManagedHandler.cs(75,0): at Microsoft.Net.Http.Client.ManagedHandler.SendAsync(HttpRequestMessage httpRequestMessage, CancellationToken cancellationToken)&#xD;
[xUnit.net 00:00:20.61]            at System.Net.Http.HttpClient.&lt;SendAsync&gt;g__Core|83_0(HttpRequestMessage request, HttpCompletionOption completionOption, CancellationTokenSource cts, Boolean disposeCts, CancellationTokenSource pendingRequestsCts, CancellationToken originalCancellationToken)&#xD;
[xUnit.net 00:00:20.61]         /_/src/Docker.DotNet/DockerClient.cs(393,0): at Docker.DotNet.DockerClient.PrivateMakeRequestAsync(TimeSpan timeout, HttpCompletionOption completionOption, HttpMethod method, String path, IQueryString queryString, IDictionary`2 headers, IRequestContent data, CancellationToken cancellationToken)&#xD;
[xUnit.net 00:00:20.61]         /_/src/Docker.DotNet/DockerClient.cs(173,0): at Docker.DotNet.DockerClient.MakeRequestAsync[T](IEnumerable`1 errorHandlers, HttpMethod method, String path, IQueryString queryString, IRequestContent body, IDictionary`2 headers, TimeSpan timeout, CancellationToken cancellationToken)&#xD;
[xUnit.net 00:00:20.61]         /_/src/Docker.DotNet/Endpoints/SystemOperations.cs(33,0): at Docker.DotNet.SystemOperations.PingAsync(CancellationToken cancellationToken)&#xD;
[xUnit.net 00:00:20.61]         /_/src/Testcontainers/Builders/DockerEndpointAuthenticationProvider.cs(46,0): at DotNet.Testcontainers.Builders.DockerEndpointAuthenticationProvider.&lt;&gt;c__DisplayClass5_0.&lt;&lt;IsAvailable&gt;b__0&gt;d.MoveNext()&#xD;
[xUnit.net 00:00:20.62]   Finished:    EduTracker.Api.IntegrationTests&#xD;
</StdOut>
    </Output>
    <RunInfos>
      <RunInfo computerName="KING_VINCENZO" outcome="Error" timestamp="2026-09-20T12:34:58.3429147+01:00">
        <Text>[xUnit.net 00:00:19.83]     EduTracker.Api.IntegrationTests.AuthorizationTests.ListUsers_AsPlainUser_Returns403 [FAIL]</Text>
      </RunInfo>
      <RunInfo computerName="KING_VINCENZO" outcome="Error" timestamp="2026-09-20T12:34:58.4678136+01:00">
        <Text>[xUnit.net 00:00:19.96]     EduTracker.Api.IntegrationTests.AuthorizationTests.DeleteOrganization_AsOwner_Succeeds [FAIL]</Text>
      </RunInfo>
      <RunInfo computerName="KING_VINCENZO" outcome="Error" timestamp="2026-09-20T12:34:58.5117412+01:00">
        <Text>[xUnit.net 00:00:20.00]     EduTracker.Api.IntegrationTests.AuthorizationTests.DeleteOrganization_AsNonOwner_Returns403 [FAIL]</Text>
      </RunInfo>
      <RunInfo computerName="KING_VINCENZO" outcome="Error" timestamp="2026-09-20T12:34:58.5428752+01:00">
        <Text>[xUnit.net 00:00:20.03]     EduTracker.Api.IntegrationTests.AuthorizationTests.PromoteUser_AsPlainUser_Returns403 [FAIL]</Text>
      </RunInfo>
      <RunInfo computerName="KING_VINCENZO" outcome="Error" timestamp="2026-09-20T12:34:58.5904334+01:00">
        <Text>[xUnit.net 00:00:20.08]     EduTracker.Api.IntegrationTests.AuthTests.Me_WithoutSession_Returns401 [FAIL]</Text>
      </RunInfo>
      <RunInfo computerName="KING_VINCENZO" outcome="Error" timestamp="2026-09-20T12:34:58.6347238+01:00">
        <Text>[xUnit.net 00:00:20.12]     EduTracker.Api.IntegrationTests.AuthTests.Logout_RevokesSession_SubsequentUseIsRejected [FAIL]</Text>
      </RunInfo>
      <RunInfo computerName="KING_VINCENZO" outcome="Error" timestamp="2026-09-20T12:34:58.6824909+01:00">
        <Text>[xUnit.net 00:00:20.17]     EduTracker.Api.IntegrationTests.AuthTests.Register_Login_Me_Succeeds [FAIL]</Text>
      </RunInfo>
      <RunInfo computerName="KING_VINCENZO" outcome="Error" timestamp="2026-09-20T12:34:58.7096559+01:00">
        <Text>[xUnit.net 00:00:20.20]     EduTracker.Api.IntegrationTests.AuthTests.Login_WrongPassword_Returns401 [FAIL]</Text>
      </RunInfo>
      <RunInfo computerName="KING_VINCENZO" outcome="Error" timestamp="2026-09-20T12:34:58.7577514+01:00">
        <Text>[xUnit.net 00:00:20.25]     EduTracker.Api.IntegrationTests.AuthTests.Login_ByUserName_Succeeds [FAIL]</Text>
      </RunInfo>
      <RunInfo computerName="KING_VINCENZO" outcome="Error" timestamp="2026-09-20T12:34:58.9903718+01:00">
        <Text>[xUnit.net 00:00:20.36]     EduTracker.Api.IntegrationTests.CrossOrganizationIsolationTests.GetOrganization_ByOwner_Succeeds [FAIL]</Text>
      </RunInfo>
      <RunInfo computerName="KING_VINCENZO" outcome="Error" timestamp="2026-09-20T12:34:58.9906746+01:00">
        <Text>[xUnit.net 00:00:20.37]     EduTracker.Api.IntegrationTests.CrossOrganizationIsolationTests.GetOrganization_UnknownId_Returns403 [FAIL]</Text>
      </RunInfo>
      <RunInfo computerName="KING_VINCENZO" outcome="Error" timestamp="2026-09-20T12:34:58.9909374+01:00">
        <Text>[xUnit.net 00:00:20.42]     EduTracker.Api.IntegrationTests.CrossOrganizationIsolationTests.GetOrganization_ByNonMember_Returns403 [FAIL]</Text>
      </RunInfo>
      <RunInfo computerName="KING_VINCENZO" outcome="Error" timestamp="2026-09-20T12:34:58.9912809+01:00">
        <Text>[xUnit.net 00:00:20.43]     EduTracker.Api.IntegrationTests.UniqueIndexTests.Register_DuplicateEmail_Returns409 [FAIL]</Text>
      </RunInfo>
      <RunInfo computerName="KING_VINCENZO" outcome="Error" timestamp="2026-09-20T12:34:58.9931752+01:00">
        <Text>[xUnit.net 00:00:20.48]     EduTracker.Api.IntegrationTests.UniqueIndexTests.Register_DuplicateUserName_Returns409 [FAIL]</Text>
      </RunInfo>
      <RunInfo computerName="KING_VINCENZO" outcome="Error" timestamp="2026-09-20T12:34:59.0380026+01:00">
        <Text>[xUnit.net 00:00:20.53]     EduTracker.Api.IntegrationTests.UniqueIndexTests.Register_DuplicateEmail_DoesNotCreateSecondUser [FAIL]</Text>
      </RunInfo>
    </RunInfos>
    <CollectorDataEntries>
      <Collector agentName="KING_VINCENZO" uri="datacollector://microsoft/CoverletCodeCoverage/1.0" collectorDisplayName="XPlat code coverage">
        <UriAttachments>
          <UriAttachment>
            <A href="KING_VINCENZO\coverage.cobertura.xml"></A>
          </UriAttachment>
        </UriAttachments>
      </Collector>
    </CollectorDataEntries>
  </ResultSummary>
</TestRun>