<?xml version="1.0" encoding="utf-8"?>
<coverage line-rate="0.33049999999999996" branch-rate="0.2955" version="1.9" timestamp="1789904081" lines-covered="397" lines-valid="1201" branches-covered="146" branches-valid="494">
  <sources>
    <source>C:\Users\chidu\OneDrive\Documents\GitHub\edutracker\backend\EduTracker.Domain\</source>
  </sources>
  <packages>
    <package name="EduTracker.Domain" line-rate="0.33049999999999996" branch-rate="0.2955" complexity="716">
      <classes>
        <class name="System.Text.RegularExpressions.Generated.&lt;RegexGenerator_g&gt;F5A90CCDA276098E254D2DABDB2E0C5ED759F5B110DCD5E26B1E44501C9F344FB__CourseNameRegex_0" filename="obj\Release\net10.0\System.Text.RegularExpressions.Generator\System.Text.RegularExpressions.Generator.RegexGenerator\RegexGenerator.g.cs" line-rate="0" branch-rate="1" complexity="2">
          <methods>
            <method name=".ctor" signature="()" line-rate="0" branch-rate="1" complexity="1">
              <lines>
                <line number="250" hits="0" branch="False" />
                <line number="252" hits="0" branch="False" />
                <line number="253" hits="0" branch="False" />
                <line number="254" hits="0" branch="False" />
                <line number="255" hits="0" branch="False" />
                <line number="256" hits="0" branch="False" />
                <line number="257" hits="0" branch="False" />
                <line number="258" hits="0" branch="False" />
              </lines>
            </method>
            <method name=".cctor" signature="()" line-rate="0" branch-rate="1" complexity="1">
              <lines>
                <line number="247" hits="0" branch="False" />
              </lines>
            </method>
          </methods>
          <lines>
            <line number="250" hits="0" branch="False" />
            <line number="252" hits="0" branch="False" />
            <line number="253" hits="0" branch="False" />
            <line number="254" hits="0" branch="False" />
            <line number="255" hits="0" branch="False" />
            <line number="256" hits="0" branch="False" />
            <line number="257" hits="0" branch="False" />
            <line number="258" hits="0" branch="False" />
            <line number="247" hits="0" branch="False" />
          </lines>
        </class>
        <class name="System.Text.RegularExpressions.Generated.&lt;RegexGenerator_g&gt;F5A90CCDA276098E254D2DABDB2E0C5ED759F5B110DCD5E26B1E44501C9F344FB__CourseNameRegex_0/RunnerFactory" filename="obj\Release\net10.0\System.Text.RegularExpressions.Generator\System.Text.RegularExpressions.Generator.RegexGenerator\RegexGenerator.g.cs" line-rate="0" branch-rate="1" complexity="1">
          <methods>
            <method name="CreateInstance" signature="()" line-rate="0" branch-rate="1" complexity="1">
              <lines>
                <line number="264" hits="0" branch="False" />
              </lines>
            </method>
          </methods>
          <lines>
            <line number="264" hits="0" branch="False" />
          </lines>
        </class>
        <class name="System.Text.RegularExpressions.Generated.&lt;RegexGenerator_g&gt;F5A90CCDA276098E254D2DABDB2E0C5ED759F5B110DCD5E26B1E44501C9F344FB__CourseNameRegex_0/RunnerFactory/Runner" filename="obj\Release\net10.0\System.Text.RegularExpressions.Generator\System.Text.RegularExpressions.Generator.RegexGenerator\RegexGenerator.g.cs" line-rate="0" branch-rate="0" complexity="28">
          <methods>
            <method name="Scan" signature="(System.ReadOnlySpan`1&lt;System.Char&gt;)" line-rate="0" branch-rate="0" complexity="4">
              <lines>
                <line number="274" hits="0" branch="True" condition-coverage="0% (0/4)">
                  <conditions>
                    <condition number="7" type="jump" coverage="0%" />
                    <condition number="16" type="jump" coverage="0%" />
                  </conditions>
                </line>
                <line number="276" hits="0" branch="False" />
                <line number="278" hits="0" branch="False" />
              </lines>
            </method>
            <method name="TryFindNextPossibleStartingPosition" signature="(System.ReadOnlySpan`1&lt;System.Char&gt;)" line-rate="0" branch-rate="0" complexity="4">
              <lines>
                <line number="285" hits="0" branch="False" />
                <line number="288" hits="0" branch="True" condition-coverage="0% (0/2)">
                  <conditions>
                    <condition number="15" type="jump" coverage="0%" />
                  </conditions>
                </line>
                <line number="291" hits="0" branch="True" condition-coverage="0% (0/2)">
                  <conditions>
                    <condition number="18" type="jump" coverage="0%" />
                  </conditions>
                </line>
                <line number="293" hits="0" branch="False" />
                <line number="298" hits="0" branch="False" />
                <line number="299" hits="0" branch="False" />
              </lines>
            </method>
            <method name="TryMatchAtCurrentPosition" signature="(System.ReadOnlySpan`1&lt;System.Char&gt;)" line-rate="0" branch-rate="0" complexity="20">
              <lines>
                <line number="307" hits="0" branch="False" />
                <line number="308" hits="0" branch="False" />
                <line number="310" hits="0" branch="False" />
                <line number="311" hits="0" branch="False" />
                <line number="314" hits="0" branch="True" condition-coverage="0% (0/2)">
                  <conditions>
                    <condition number="25" type="jump" coverage="0%" />
                  </conditions>
                </line>
                <line number="316" hits="0" branch="False" />
                <line number="321" hits="0" branch="False" />
                <line number="323" hits="0" branch="False" />
                <line number="324" hits="0" branch="True" condition-coverage="0% (0/6)">
                  <conditions>
                    <condition number="111" type="jump" coverage="0%" />
                    <condition number="51" type="jump" coverage="0%" />
                    <condition number="70" type="jump" coverage="0%" />
                  </conditions>
                </line>
                <line number="326" hits="0" branch="False" />
                <line number="329" hits="0" branch="True" condition-coverage="0% (0/2)">
                  <conditions>
                    <condition number="115" type="jump" coverage="0%" />
                  </conditions>
                </line>
                <line number="331" hits="0" branch="False" />
                <line number="334" hits="0" branch="False" />
                <line number="335" hits="0" branch="False" />
                <line number="337" hits="0" branch="False" />
                <line number="338" hits="0" branch="False" />
                <line number="339" hits="0" branch="False" />
                <line number="343" hits="0" branch="True" condition-coverage="0% (0/2)">
                  <conditions>
                    <condition number="149" type="jump" coverage="0%" />
                  </conditions>
                </line>
                <line number="345" hits="0" branch="False" />
                <line number="348" hits="0" branch="True" condition-coverage="0% (0/2)">
                  <conditions>
                    <condition number="160" type="jump" coverage="0%" />
                  </conditions>
                </line>
                <line number="350" hits="0" branch="False" />
                <line number="352" hits="0" branch="False" />
                <line number="353" hits="0" branch="False" />
                <line number="359" hits="0" branch="True" condition-coverage="0% (0/6)">
                  <conditions>
                    <condition number="192" type="jump" coverage="0%" />
                    <condition number="215" type="jump" coverage="0%" />
                    <condition number="202" type="jump" coverage="0%" />
                  </conditions>
                </line>
                <line number="365" hits="0" branch="False" />
                <line number="366" hits="0" branch="False" />
                <line number="367" hits="0" branch="False" />
              </lines>
            </method>
          </methods>
          <lines>
            <line number="274" hits="0" branch="True" condition-coverage="0% (0/4)">
              <conditions>
                <condition number="7" type="jump" coverage="0%" />
                <condition number="16" type="jump" coverage="0%" />
              </conditions>
            </line>
            <line number="276" hits="0" branch="False" />
            <line number="278" hits="0" branch="False" />
            <line number="285" hits="0" branch="False" />
            <line number="288" hits="0" branch="True" condition-coverage="0% (0/2)">
              <conditions>
                <condition number="15" type="jump" coverage="0%" />
              </conditions>
            </line>
            <line number="291" hits="0" branch="True" condition-coverage="0% (0/2)">
              <conditions>
                <condition number="18" type="jump" coverage="0%" />
              </conditions>
            </line>
            <line number="293" hits="0" branch="False" />
            <line number="298" hits="0" branch="False" />
            <line number="299" hits="0" branch="False" />
            <line number="307" hits="0" branch="False" />
            <line number="308" hits="0" branch="False" />
            <line number="310" hits="0" branch="False" />
            <line number="311" hits="0" branch="False" />
            <line number="314" hits="0" branch="True" condition-coverage="0% (0/2)">
              <conditions>
                <condition number="25" type="jump" coverage="0%" />
              </conditions>
            </line>
            <line number="316" hits="0" branch="False" />
            <line number="321" hits="0" branch="False" />
            <line number="323" hits="0" branch="False" />
            <line number="324" hits="0" branch="True" condition-coverage="0% (0/6)">
              <conditions>
                <condition number="111" type="jump" coverage="0%" />
                <condition number="51" type="jump" coverage="0%" />
                <condition number="70" type="jump" coverage="0%" />
              </conditions>
            </line>
            <line number="326" hits="0" branch="False" />
            <line number="329" hits="0" branch="True" condition-coverage="0% (0/2)">
              <conditions>
                <condition number="115" type="jump" coverage="0%" />
              </conditions>
            </line>
            <line number="331" hits="0" branch="False" />
            <line number="334" hits="0" branch="False" />
            <line number="335" hits="0" branch="False" />
            <line number="337" hits="0" branch="False" />
            <line number="338" hits="0" branch="False" />
            <line number="339" hits="0" branch="False" />
            <line number="343" hits="0" branch="True" condition-coverage="0% (0/2)">
              <conditions>
                <condition number="149" type="jump" coverage="0%" />
              </conditions>
            </line>
            <line number="345" hits="0" branch="False" />
            <line number="348" hits="0" branch="True" condition-coverage="0% (0/2)">
              <conditions>
                <condition number="160" type="jump" coverage="0%" />
              </conditions>
            </line>
            <line number="350" hits="0" branch="False" />
            <line number="352" hits="0" branch="False" />
            <line number="353" hits="0" branch="False" />
            <line number="359" hits="0" branch="True" condition-coverage="0% (0/6)">
              <conditions>
                <condition number="192" type="jump" coverage="0%" />
                <condition number="215" type="jump" coverage="0%" />
                <condition number="202" type="jump" coverage="0%" />
              </conditions>
            </line>
            <line number="365" hits="0" branch="False" />
            <line number="366" hits="0" branch="False" />
            <line number="367" hits="0" branch="False" />
          </lines>
        </class>
        <class name="System.Text.RegularExpressions.Generated.&lt;RegexGenerator_g&gt;F5A90CCDA276098E254D2DABDB2E0C5ED759F5B110DCD5E26B1E44501C9F344FB__CourseCodeRegex_1" filename="obj\Release\net10.0\System.Text.RegularExpressions.Generator\System.Text.RegularExpressions.Generator.RegexGenerator\RegexGenerator.g.cs" line-rate="0" branch-rate="1" complexity="2">
          <methods>
            <method name=".ctor" signature="()" line-rate="0" branch-rate="1" complexity="1">
              <lines>
                <line number="382" hits="0" branch="False" />
                <line number="384" hits="0" branch="False" />
                <line number="385" hits="0" branch="False" />
                <line number="386" hits="0" branch="False" />
                <line number="387" hits="0" branch="False" />
                <line number="388" hits="0" branch="False" />
                <line number="389" hits="0" branch="False" />
                <line number="390" hits="0" branch="False" />
              </lines>
            </method>
            <method name=".cctor" signature="()" line-rate="0" branch-rate="1" complexity="1">
              <lines>
                <line number="379" hits="0" branch="False" />
              </lines>
            </method>
          </methods>
          <lines>
            <line number="382" hits="0" branch="False" />
            <line number="384" hits="0" branch="False" />
            <line number="385" hits="0" branch="False" />
            <line number="386" hits="0" branch="False" />
            <line number="387" hits="0" branch="False" />
            <line number="388" hits="0" branch="False" />
            <line number="389" hits="0" branch="False" />
            <line number="390" hits="0" branch="False" />
            <line number="379" hits="0" branch="False" />
          </lines>
        </class>
        <class name="System.Text.RegularExpressions.Generated.&lt;RegexGenerator_g&gt;F5A90CCDA276098E254D2DABDB2E0C5ED759F5B110DCD5E26B1E44501C9F344FB__CourseCodeRegex_1/RunnerFactory" filename="obj\Release\net10.0\System.Text.RegularExpressions.Generator\System.Text.RegularExpressions.Generator.RegexGenerator\RegexGenerator.g.cs" line-rate="0" branch-rate="1" complexity="1">
          <methods>
            <method name="CreateInstance" signature="()" line-rate="0" branch-rate="1" complexity="1">
              <lines>
                <line number="396" hits="0" branch="False" />
              </lines>
            </method>
          </methods>
          <lines>
            <line number="396" hits="0" branch="False" />
          </lines>
        </class>
        <class name="System.Text.RegularExpressions.Generated.&lt;RegexGenerator_g&gt;F5A90CCDA276098E254D2DABDB2E0C5ED759F5B110DCD5E26B1E44501C9F344FB__CourseCodeRegex_1/RunnerFactory/Runner" filename="obj\Release\net10.0\System.Text.RegularExpressions.Generator\System.Text.RegularExpressions.Generator.RegexGenerator\RegexGenerator.g.cs" line-rate="0" branch-rate="0" complexity="20">
          <methods>
            <method name="Scan" signature="(System.ReadOnlySpan`1&lt;System.Char&gt;)" line-rate="0" branch-rate="0" complexity="4">
              <lines>
                <line number="406" hits="0" branch="True" condition-coverage="0% (0/4)">
                  <conditions>
                    <condition number="7" type="jump" coverage="0%" />
                    <condition number="16" type="jump" coverage="0%" />
                  </conditions>
                </line>
                <line number="408" hits="0" branch="False" />
                <line number="410" hits="0" branch="False" />
              </lines>
            </method>
            <method name="TryFindNextPossibleStartingPosition" signature="(System.ReadOnlySpan`1&lt;System.Char&gt;)" line-rate="0" branch-rate="0" complexity="4">
              <lines>
                <line number="417" hits="0" branch="False" />
                <line number="420" hits="0" branch="True" condition-coverage="0% (0/2)">
                  <conditions>
                    <condition number="15" type="jump" coverage="0%" />
                  </conditions>
                </line>
                <line number="423" hits="0" branch="True" condition-coverage="0% (0/2)">
                  <conditions>
                    <condition number="18" type="jump" coverage="0%" />
                  </conditions>
                </line>
                <line number="425" hits="0" branch="False" />
                <line number="430" hits="0" branch="False" />
                <line number="431" hits="0" branch="False" />
              </lines>
            </method>
            <method name="TryMatchAtCurrentPosition" signature="(System.ReadOnlySpan`1&lt;System.Char&gt;)" line-rate="0" branch-rate="0" complexity="12">
              <lines>
                <line number="439" hits="0" branch="False" />
                <line number="440" hits="0" branch="False" />
                <line number="441" hits="0" branch="False" />
                <line number="444" hits="0" branch="True" condition-coverage="0% (0/2)">
                  <conditions>
                    <condition number="19" type="jump" coverage="0%" />
                  </conditions>
                </line>
                <line number="446" hits="0" branch="False" />
                <line number="451" hits="0" branch="False" />
                <line number="452" hits="0" branch="True" condition-coverage="0% (0/2)">
                  <conditions>
                    <condition number="37" type="jump" coverage="0%" />
                  </conditions>
                </line>
                <line number="454" hits="0" branch="False" />
                <line number="457" hits="0" branch="True" condition-coverage="0% (0/2)">
                  <conditions>
                    <condition number="48" type="jump" coverage="0%" />
                  </conditions>
                </line>
                <line number="459" hits="0" branch="False" />
                <line number="462" hits="0" branch="False" />
                <line number="463" hits="0" branch="False" />
                <line number="467" hits="0" branch="True" condition-coverage="0% (0/6)">
                  <conditions>
                    <condition number="75" type="jump" coverage="0%" />
                    <condition number="85" type="jump" coverage="0%" />
                    <condition number="98" type="jump" coverage="0%" />
                  </conditions>
                </line>
                <line number="469" hits="0" branch="False" />
                <line number="473" hits="0" branch="False" />
                <line number="474" hits="0" branch="False" />
                <line number="475" hits="0" branch="False" />
              </lines>
            </method>
          </methods>
          <lines>
            <line number="406" hits="0" branch="True" condition-coverage="0% (0/4)">
              <conditions>
                <condition number="7" type="jump" coverage="0%" />
                <condition number="16" type="jump" coverage="0%" />
              </conditions>
            </line>
            <line number="408" hits="0" branch="False" />
            <line number="410" hits="0" branch="False" />
            <line number="417" hits="0" branch="False" />
            <line number="420" hits="0" branch="True" condition-coverage="0% (0/2)">
              <conditions>
                <condition number="15" type="jump" coverage="0%" />
              </conditions>
            </line>
            <line number="423" hits="0" branch="True" condition-coverage="0% (0/2)">
              <conditions>
                <condition number="18" type="jump" coverage="0%" />
              </conditions>
            </line>
            <line number="425" hits="0" branch="False" />
            <line number="430" hits="0" branch="False" />
            <line number="431" hits="0" branch="False" />
            <line number="439" hits="0" branch="False" />
            <line number="440" hits="0" branch="False" />
            <line number="441" hits="0" branch="False" />
            <line number="444" hits="0" branch="True" condition-coverage="0% (0/2)">
              <conditions>
                <condition number="19" type="jump" coverage="0%" />
              </conditions>
            </line>
            <line number="446" hits="0" branch="False" />
            <line number="451" hits="0" branch="False" />
            <line number="452" hits="0" branch="True" condition-coverage="0% (0/2)">
              <conditions>
                <condition number="37" type="jump" coverage="0%" />
              </conditions>
            </line>
            <line number="454" hits="0" branch="False" />
            <line number="457" hits="0" branch="True" condition-coverage="0% (0/2)">
              <conditions>
                <condition number="48" type="jump" coverage="0%" />
              </conditions>
            </line>
            <line number="459" hits="0" branch="False" />
            <line number="462" hits="0" branch="False" />
            <line number="463" hits="0" branch="False" />
            <line number="467" hits="0" branch="True" condition-coverage="0% (0/6)">
              <conditions>
                <condition number="75" type="jump" coverage="0%" />
                <condition number="85" type="jump" coverage="0%" />
                <condition number="98" type="jump" coverage="0%" />
              </conditions>
            </line>
            <line number="469" hits="0" branch="False" />
            <line number="473" hits="0" branch="False" />
            <line number="474" hits="0" branch="False" />
            <line number="475" hits="0" branch="False" />
          </lines>
        </class>
        <class name="System.Text.RegularExpressions.Generated.&lt;RegexGenerator_g&gt;F5A90CCDA276098E254D2DABDB2E0C5ED759F5B110DCD5E26B1E44501C9F344FB__DepartmentNameRegex_2" filename="obj\Release\net10.0\System.Text.RegularExpressions.Generator\System.Text.RegularExpressions.Generator.RegexGenerator\RegexGenerator.g.cs" line-rate="0" branch-rate="1" complexity="2">
          <methods>
            <method name=".ctor" signature="()" line-rate="0" branch-rate="1" complexity="1">
              <lines>
                <line number="490" hits="0" branch="False" />
                <line number="492" hits="0" branch="False" />
                <line number="493" hits="0" branch="False" />
                <line number="494" hits="0" branch="False" />
                <line number="495" hits="0" branch="False" />
                <line number="496" hits="0" branch="False" />
                <line number="497" hits="0" branch="False" />
                <line number="498" hits="0" branch="False" />
              </lines>
            </method>
            <method name=".cctor" signature="()" line-rate="0" branch-rate="1" complexity="1">
              <lines>
                <line number="487" hits="0" branch="False" />
              </lines>
            </method>
          </methods>
          <lines>
            <line number="490" hits="0" branch="False" />
            <line number="492" hits="0" branch="False" />
            <line number="493" hits="0" branch="False" />
            <line number="494" hits="0" branch="False" />
            <line number="495" hits="0" branch="False" />
            <line number="496" hits="0" branch="False" />
            <line number="497" hits="0" branch="False" />
            <line number="498" hits="0" branch="False" />
            <line number="487" hits="0" branch="False" />
          </lines>
        </class>
        <class name="System.Text.RegularExpressions.Generated.&lt;RegexGenerator_g&gt;F5A90CCDA276098E254D2DABDB2E0C5ED759F5B110DCD5E26B1E44501C9F344FB__DepartmentNameRegex_2/RunnerFactory" filename="obj\Release\net10.0\System.Text.RegularExpressions.Generator\System.Text.RegularExpressions.Generator.RegexGenerator\RegexGenerator.g.cs" line-rate="0" branch-rate="1" complexity="1">
          <methods>
            <method name="CreateInstance" signature="()" line-rate="0" branch-rate="1" complexity="1">
              <lines>
                <line number="504" hits="0" branch="False" />
              </lines>
            </method>
          </methods>
          <lines>
            <line number="504" hits="0" branch="False" />
          </lines>
        </class>
        <class name="System.Text.RegularExpressions.Generated.&lt;RegexGenerator_g&gt;F5A90CCDA276098E254D2DABDB2E0C5ED759F5B110DCD5E26B1E44501C9F344FB__DepartmentNameRegex_2/RunnerFactory/Runner" filename="obj\Release\net10.0\System.Text.RegularExpressions.Generator\System.Text.RegularExpressions.Generator.RegexGenerator\RegexGenerator.g.cs" line-rate="0" branch-rate="0" complexity="28">
          <methods>
            <method name="Scan" signature="(System.ReadOnlySpan`1&lt;System.Char&gt;)" line-rate="0" branch-rate="0" complexity="4">
              <lines>
                <line number="514" hits="0" branch="True" condition-coverage="0% (0/4)">
                  <conditions>
                    <condition number="7" type="jump" coverage="0%" />
                    <condition number="16" type="jump" coverage="0%" />
                  </conditions>
                </line>
                <line number="516" hits="0" branch="False" />
                <line number="518" hits="0" branch="False" />
              </lines>
            </method>
            <method name="TryFindNextPossibleStartingPosition" signature="(System.ReadOnlySpan`1&lt;System.Char&gt;)" line-rate="0" branch-rate="0" complexity="4">
              <lines>
                <line number="525" hits="0" branch="False" />
                <line number="528" hits="0" branch="True" condition-coverage="0% (0/2)">
                  <conditions>
                    <condition number="15" type="jump" coverage="0%" />
                  </conditions>
                </line>
                <line number="531" hits="0" branch="True" condition-coverage="0% (0/2)">
                  <conditions>
                    <condition number="18" type="jump" coverage="0%" />
                  </conditions>
                </line>
                <line number="533" hits="0" branch="False" />
                <line number="538" hits="0" branch="False" />
                <line number="539" hits="0" branch="False" />
              </lines>
            </method>
            <method name="TryMatchAtCurrentPosition" signature="(System.ReadOnlySpan`1&lt;System.Char&gt;)" line-rate="0" branch-rate="0" complexity="20">
              <lines>
                <line number="547" hits="0" branch="False" />
                <line number="548" hits="0" branch="False" />
                <line number="550" hits="0" branch="False" />
                <line number="551" hits="0" branch="False" />
                <line number="554" hits="0" branch="True" condition-coverage="0% (0/2)">
                  <conditions>
                    <condition number="25" type="jump" coverage="0%" />
                  </conditions>
                </line>
                <line number="556" hits="0" branch="False" />
                <line number="561" hits="0" branch="False" />
                <line number="563" hits="0" branch="False" />
                <line number="564" hits="0" branch="True" condition-coverage="0% (0/6)">
                  <conditions>
                    <condition number="111" type="jump" coverage="0%" />
                    <condition number="51" type="jump" coverage="0%" />
                    <condition number="70" type="jump" coverage="0%" />
                  </conditions>
                </line>
                <line number="566" hits="0" branch="False" />
                <line number="569" hits="0" branch="True" condition-coverage="0% (0/2)">
                  <conditions>
                    <condition number="115" type="jump" coverage="0%" />
                  </conditions>
                </line>
                <line number="571" hits="0" branch="False" />
                <line number="574" hits="0" branch="False" />
                <line number="575" hits="0" branch="False" />
                <line number="577" hits="0" branch="False" />
                <line number="578" hits="0" branch="False" />
                <line number="579" hits="0" branch="False" />
                <line number="583" hits="0" branch="True" condition-coverage="0% (0/2)">
                  <conditions>
                    <condition number="149" type="jump" coverage="0%" />
                  </conditions>
                </line>
                <line number="585" hits="0" branch="False" />
                <line number="588" hits="0" branch="True" condition-coverage="0% (0/2)">
                  <conditions>
                    <condition number="160" type="jump" coverage="0%" />
                  </conditions>
                </line>
                <line number="590" hits="0" branch="False" />
                <line number="592" hits="0" branch="False" />
                <line number="593" hits="0" branch="False" />
                <line number="599" hits="0" branch="True" condition-coverage="0% (0/6)">
                  <conditions>
                    <condition number="192" type="jump" coverage="0%" />
                    <condition number="215" type="jump" coverage="0%" />
                    <condition number="202" type="jump" coverage="0%" />
                  </conditions>
                </line>
                <line number="605" hits="0" branch="False" />
                <line number="606" hits="0" branch="False" />
                <line number="607" hits="0" branch="False" />
              </lines>
            </method>
          </methods>
          <lines>
            <line number="514" hits="0" branch="True" condition-coverage="0% (0/4)">
              <conditions>
                <condition number="7" type="jump" coverage="0%" />
                <condition number="16" type="jump" coverage="0%" />
              </conditions>
            </line>
            <line number="516" hits="0" branch="False" />
            <line number="518" hits="0" branch="False" />
            <line number="525" hits="0" branch="False" />
            <line number="528" hits="0" branch="True" condition-coverage="0% (0/2)">
              <conditions>
                <condition number="15" type="jump" coverage="0%" />
              </conditions>
            </line>
            <line number="531" hits="0" branch="True" condition-coverage="0% (0/2)">
              <conditions>
                <condition number="18" type="jump" coverage="0%" />
              </conditions>
            </line>
            <line number="533" hits="0" branch="False" />
            <line number="538" hits="0" branch="False" />
            <line number="539" hits="0" branch="False" />
            <line number="547" hits="0" branch="False" />
            <line number="548" hits="0" branch="False" />
            <line number="550" hits="0" branch="False" />
            <line number="551" hits="0" branch="False" />
            <line number="554" hits="0" branch="True" condition-coverage="0% (0/2)">
              <conditions>
                <condition number="25" type="jump" coverage="0%" />
              </conditions>
            </line>
            <line number="556" hits="0" branch="False" />
            <line number="561" hits="0" branch="False" />
            <line number="563" hits="0" branch="False" />
            <line number="564" hits="0" branch="True" condition-coverage="0% (0/6)">
              <conditions>
                <condition number="111" type="jump" coverage="0%" />
                <condition number="51" type="jump" coverage="0%" />
                <condition number="70" type="jump" coverage="0%" />
              </conditions>
            </line>
            <line number="566" hits="0" branch="False" />
            <line number="569" hits="0" branch="True" condition-coverage="0% (0/2)">
              <conditions>
                <condition number="115" type="jump" coverage="0%" />
              </conditions>
            </line>
            <line number="571" hits="0" branch="False" />
            <line number="574" hits="0" branch="False" />
            <line number="575" hits="0" branch="False" />
            <line number="577" hits="0" branch="False" />
            <line number="578" hits="0" branch="False" />
            <line number="579" hits="0" branch="False" />
            <line number="583" hits="0" branch="True" condition-coverage="0% (0/2)">
              <conditions>
                <condition number="149" type="jump" coverage="0%" />
              </conditions>
            </line>
            <line number="585" hits="0" branch="False" />
            <line number="588" hits="0" branch="True" condition-coverage="0% (0/2)">
              <conditions>
                <condition number="160" type="jump" coverage="0%" />
              </conditions>
            </line>
            <line number="590" hits="0" branch="False" />
            <line number="592" hits="0" branch="False" />
            <line number="593" hits="0" branch="False" />
            <line number="599" hits="0" branch="True" condition-coverage="0% (0/6)">
              <conditions>
                <condition number="192" type="jump" coverage="0%" />
                <condition number="215" type="jump" coverage="0%" />
                <condition number="202" type="jump" coverage="0%" />
              </conditions>
            </line>
            <line number="605" hits="0" branch="False" />
            <line number="606" hits="0" branch="False" />
            <line number="607" hits="0" branch="False" />
          </lines>
        </class>
        <class name="System.Text.RegularExpressions.Generated.&lt;RegexGenerator_g&gt;F5A90CCDA276098E254D2DABDB2E0C5ED759F5B110DCD5E26B1E44501C9F344FB__NameRegex_3" filename="obj\Release\net10.0\System.Text.RegularExpressions.Generator\System.Text.RegularExpressions.Generator.RegexGenerator\RegexGenerator.g.cs" line-rate="1" branch-rate="1" complexity="2">
          <methods>
            <method name=".ctor" signature="()" line-rate="1" branch-rate="1" complexity="1">
              <lines>
                <line number="622" hits="1" branch="False" />
                <line number="624" hits="1" branch="False" />
                <line number="625" hits="1" branch="False" />
                <line number="626" hits="1" branch="False" />
                <line number="627" hits="1" branch="False" />
                <line number="628" hits="1" branch="False" />
                <line number="629" hits="1" branch="False" />
                <line number="630" hits="1" branch="False" />
              </lines>
            </method>
            <method name=".cctor" signature="()" line-rate="1" branch-rate="1" complexity="1">
              <lines>
                <line number="619" hits="1" branch="False" />
              </lines>
            </method>
          </methods>
          <lines>
            <line number="622" hits="1" branch="False" />
            <line number="624" hits="1" branch="False" />
            <line number="625" hits="1" branch="False" />
            <line number="626" hits="1" branch="False" />
            <line number="627" hits="1" branch="False" />
            <line number="628" hits="1" branch="False" />
            <line number="629" hits="1" branch="False" />
            <line number="630" hits="1" branch="False" />
            <line number="619" hits="1" branch="False" />
          </lines>
        </class>
        <class name="System.Text.RegularExpressions.Generated.&lt;RegexGenerator_g&gt;F5A90CCDA276098E254D2DABDB2E0C5ED759F5B110DCD5E26B1E44501C9F344FB__NameRegex_3/RunnerFactory" filename="obj\Release\net10.0\System.Text.RegularExpressions.Generator\System.Text.RegularExpressions.Generator.RegexGenerator\RegexGenerator.g.cs" line-rate="1" branch-rate="1" complexity="1">
          <methods>
            <method name="CreateInstance" signature="()" line-rate="1" branch-rate="1" complexity="1">
              <lines>
                <line number="636" hits="1" branch="False" />
              </lines>
            </method>
          </methods>
          <lines>
            <line number="636" hits="1" branch="False" />
          </lines>
        </class>
        <class name="System.Text.RegularExpressions.Generated.&lt;RegexGenerator_g&gt;F5A90CCDA276098E254D2DABDB2E0C5ED759F5B110DCD5E26B1E44501C9F344FB__NameRegex_3/RunnerFactory/Runner" filename="obj\Release\net10.0\System.Text.RegularExpressions.Generator\System.Text.RegularExpressions.Generator.RegexGenerator\RegexGenerator.g.cs" line-rate="0.9259000000000001" branch-rate="0.8823000000000001" complexity="34">
          <methods>
            <method name="Scan" signature="(System.ReadOnlySpan`1&lt;System.Char&gt;)" line-rate="1" branch-rate="1" complexity="4">
              <lines>
                <line number="646" hits="13" branch="True" condition-coverage="100% (4/4)">
                  <conditions>
                    <condition number="7" type="jump" coverage="100%" />
                    <condition number="16" type="jump" coverage="100%" />
                  </conditions>
                </line>
                <line number="648" hits="4" branch="False" />
                <line number="650" hits="13" branch="False" />
              </lines>
            </method>
            <method name="TryFindNextPossibleStartingPosition" signature="(System.ReadOnlySpan`1&lt;System.Char&gt;)" line-rate="0.6666" branch-rate="0.5" complexity="4">
              <lines>
                <line number="657" hits="13" branch="False" />
                <line number="660" hits="13" branch="True" condition-coverage="50% (1/2)">
                  <conditions>
                    <condition number="15" type="jump" coverage="50%" />
                  </conditions>
                </line>
                <line number="663" hits="13" branch="True" condition-coverage="50% (1/2)">
                  <conditions>
                    <condition number="18" type="jump" coverage="50%" />
                  </conditions>
                </line>
                <line number="665" hits="13" branch="False" />
                <line number="670" hits="0" branch="False" />
                <line number="671" hits="0" branch="False" />
              </lines>
            </method>
            <method name="TryMatchAtCurrentPosition" signature="(System.ReadOnlySpan`1&lt;System.Char&gt;)" line-rate="0.9555" branch-rate="0.9229999999999999" complexity="26">
              <lines>
                <line number="679" hits="13" branch="False" />
                <line number="680" hits="13" branch="False" />
                <line number="681" hits="26" branch="False" />
                <line number="682" hits="13" branch="False" />
                <line number="683" hits="13" branch="False" />
                <line number="684" hits="13" branch="False" />
                <line number="687" hits="13" branch="True" condition-coverage="50% (1/2)">
                  <conditions>
                    <condition number="30" type="jump" coverage="50%" />
                  </conditions>
                </line>
                <line number="689" hits="0" branch="False" />
                <line number="694" hits="13" branch="False" />
                <line number="696" hits="13" branch="False" />
                <line number="697" hits="13" branch="True" condition-coverage="100% (2/2)">
                  <conditions>
                    <condition number="53" type="jump" coverage="100%" />
                  </conditions>
                </line>
                <line number="699" hits="2" branch="False" />
                <line number="702" hits="13" branch="True" condition-coverage="100% (2/2)">
                  <conditions>
                    <condition number="66" type="jump" coverage="100%" />
                  </conditions>
                </line>
                <line number="704" hits="1" branch="False" />
                <line number="707" hits="12" branch="False" />
                <line number="708" hits="12" branch="False" />
                <line number="710" hits="12" branch="False" />
                <line number="711" hits="12" branch="False" />
                <line number="712" hits="12" branch="False" />
                <line number="716" hits="17" branch="True" condition-coverage="50% (1/2)">
                  <conditions>
                    <condition number="99" type="jump" coverage="50%" />
                  </conditions>
                </line>
                <line number="718" hits="0" branch="False" />
                <line number="721" hits="17" branch="True" condition-coverage="100% (2/2)">
                  <conditions>
                    <condition number="109" type="jump" coverage="100%" />
                  </conditions>
                </line>
                <line number="723" hits="3" branch="False" />
                <line number="725" hits="14" branch="False" />
                <line number="726" hits="14" branch="False" />
                <line number="733" hits="26" branch="False" />
                <line number="736" hits="33" branch="False" />
                <line number="738" hits="33" branch="False" />
                <line number="741" hits="33" branch="True" condition-coverage="100% (4/4)">
                  <conditions>
                    <condition number="159" type="jump" coverage="100%" />
                    <condition number="175" type="jump" coverage="100%" />
                  </conditions>
                </line>
                <line number="748" hits="9" branch="False" />
                <line number="749" hits="9" branch="True" condition-coverage="100% (2/2)">
                  <conditions>
                    <condition number="200" type="jump" coverage="100%" />
                  </conditions>
                </line>
                <line number="751" hits="8" branch="False" />
                <line number="754" hits="9" branch="True" condition-coverage="100% (2/2)">
                  <conditions>
                    <condition number="215" type="jump" coverage="100%" />
                  </conditions>
                </line>
                <line number="759" hits="7" branch="False" />
                <line number="760" hits="7" branch="False" />
                <line number="763" hits="7" branch="False" />
                <line number="764" hits="7" branch="False" />
                <line number="767" hits="7" branch="False" />
                <line number="771" hits="43" branch="True" condition-coverage="100% (2/2)">
                  <conditions>
                    <condition number="257" type="jump" coverage="100%" />
                  </conditions>
                </line>
                <line number="776" hits="26" branch="False" />
                <line number="777" hits="26" branch="False" />
                <line number="782" hits="26" branch="True" condition-coverage="100% (6/6)">
                  <conditions>
                    <condition number="297" type="jump" coverage="100%" />
                    <condition number="320" type="jump" coverage="100%" />
                    <condition number="307" type="jump" coverage="100%" />
                  </conditions>
                </line>
                <line number="788" hits="9" branch="False" />
                <line number="789" hits="9" branch="False" />
                <line number="790" hits="9" branch="False" />
              </lines>
            </method>
          </methods>
          <lines>
            <line number="646" hits="13" branch="True" condition-coverage="100% (4/4)">
              <conditions>
                <condition number="7" type="jump" coverage="100%" />
                <condition number="16" type="jump" coverage="100%" />
              </conditions>
            </line>
            <line number="648" hits="4" branch="False" />
            <line number="650" hits="13" branch="False" />
            <line number="657" hits="13" branch="False" />
            <line number="660" hits="13" branch="True" condition-coverage="50% (1/2)">
              <conditions>
                <condition number="15" type="jump" coverage="50%" />
              </conditions>
            </line>
            <line number="663" hits="13" branch="True" condition-coverage="50% (1/2)">
              <conditions>
                <condition number="18" type="jump" coverage="50%" />
              </conditions>
            </line>
            <line number="665" hits="13" branch="False" />
            <line number="670" hits="0" branch="False" />
            <line number="671" hits="0" branch="False" />
            <line number="679" hits="13" branch="False" />
            <line number="680" hits="13" branch="False" />
            <line number="681" hits="26" branch="False" />
            <line number="682" hits="13" branch="False" />
            <line number="683" hits="13" branch="False" />
            <line number="684" hits="13" branch="False" />
            <line number="687" hits="13" branch="True" condition-coverage="50% (1/2)">
              <conditions>
                <condition number="30" type="jump" coverage="50%" />
              </conditions>
            </line>
            <line number="689" hits="0" branch="False" />
            <line number="694" hits="13" branch="False" />
            <line number="696" hits="13" branch="False" />
            <line number="697" hits="13" branch="True" condition-coverage="100% (2/2)">
              <conditions>
                <condition number="53" type="jump" coverage="100%" />
              </conditions>
            </line>
            <line number="699" hits="2" branch="False" />
            <line number="702" hits="13" branch="True" condition-coverage="100% (2/2)">
              <conditions>
                <condition number="66" type="jump" coverage="100%" />
              </conditions>
            </line>
            <line number="704" hits="1" branch="False" />
            <line number="707" hits="12" branch="False" />
            <line number="708" hits="12" branch="False" />
            <line number="710" hits="12" branch="False" />
            <line number="711" hits="12" branch="False" />
            <line number="712" hits="12" branch="False" />
            <line number="716" hits="17" branch="True" condition-coverage="50% (1/2)">
              <conditions>
                <condition number="99" type="jump" coverage="50%" />
              </conditions>
            </line>
            <line number="718" hits="0" branch="False" />
            <line number="721" hits="17" branch="True" condition-coverage="100% (2/2)">
              <conditions>
                <condition number="109" type="jump" coverage="100%" />
              </conditions>
            </line>
            <line number="723" hits="3" branch="False" />
            <line number="725" hits="14" branch="False" />
            <line number="726" hits="14" branch="False" />
            <line number="733" hits="26" branch="False" />
            <line number="736" hits="33" branch="False" />
            <line number="738" hits="33" branch="False" />
            <line number="741" hits="33" branch="True" condition-coverage="100% (4/4)">
              <conditions>
                <condition number="159" type="jump" coverage="100%" />
                <condition number="175" type="jump" coverage="100%" />
              </conditions>
            </line>
            <line number="748" hits="9" branch="False" />
            <line number="749" hits="9" branch="True" condition-coverage="100% (2/2)">
              <conditions>
                <condition number="200" type="jump" coverage="100%" />
              </conditions>
            </line>
            <line number="751" hits="8" branch="False" />
            <line number="754" hits="9" branch="True" condition-coverage="100% (2/2)">
              <conditions>
                <condition number="215" type="jump" coverage="100%" />
              </conditions>
            </line>
            <line number="759" hits="7" branch="False" />
            <line number="760" hits="7" branch="False" />
            <line number="763" hits="7" branch="False" />
            <line number="764" hits="7" branch="False" />
            <line number="767" hits="7" branch="False" />
            <line number="771" hits="43" branch="True" condition-coverage="100% (2/2)">
              <conditions>
                <condition number="257" type="jump" coverage="100%" />
              </conditions>
            </line>
            <line number="776" hits="26" branch="False" />
            <line number="777" hits="26" branch="False" />
            <line number="782" hits="26" branch="True" condition-coverage="100% (6/6)">
              <conditions>
                <condition number="297" type="jump" coverage="100%" />
                <condition number="320" type="jump" coverage="100%" />
                <condition number="307" type="jump" coverage="100%" />
              </conditions>
            </line>
            <line number="788" hits="9" branch="False" />
            <line number="789" hits="9" branch="False" />
            <line number="790" hits="9" branch="False" />
          </lines>
        </class>
        <class name="System.Text.RegularExpressions.Generated.&lt;RegexGenerator_g&gt;F5A90CCDA276098E254D2DABDB2E0C5ED759F5B110DCD5E26B1E44501C9F344FB__PlanNameRegex_4" filename="obj\Release\net10.0\System.Text.RegularExpressions.Generator\System.Text.RegularExpressions.Generator.RegexGenerator\RegexGenerator.g.cs" line-rate="0" branch-rate="1" complexity="2">
          <methods>
            <method name=".ctor" signature="()" line-rate="0" branch-rate="1" complexity="1">
              <lines>
                <line number="805" hits="0" branch="False" />
                <line number="807" hits="0" branch="False" />
                <line number="808" hits="0" branch="False" />
                <line number="809" hits="0" branch="False" />
                <line number="810" hits="0" branch="False" />
                <line number="811" hits="0" branch="False" />
                <line number="812" hits="0" branch="False" />
                <line number="813" hits="0" branch="False" />
              </lines>
            </method>
            <method name=".cctor" signature="()" line-rate="0" branch-rate="1" complexity="1">
              <lines>
                <line number="802" hits="0" branch="False" />
              </lines>
            </method>
          </methods>
          <lines>
            <line number="805" hits="0" branch="False" />
            <line number="807" hits="0" branch="False" />
            <line number="808" hits="0" branch="False" />
            <line number="809" hits="0" branch="False" />
            <line number="810" hits="0" branch="False" />
            <line number="811" hits="0" branch="False" />
            <line number="812" hits="0" branch="False" />
            <line number="813" hits="0" branch="False" />
            <line number="802" hits="0" branch="False" />
          </lines>
        </class>
        <class name="System.Text.RegularExpressions.Generated.&lt;RegexGenerator_g&gt;F5A90CCDA276098E254D2DABDB2E0C5ED759F5B110DCD5E26B1E44501C9F344FB__PlanNameRegex_4/RunnerFactory" filename="obj\Release\net10.0\System.Text.RegularExpressions.Generator\System.Text.RegularExpressions.Generator.RegexGenerator\RegexGenerator.g.cs" line-rate="0" branch-rate="1" complexity="1">
          <methods>
            <method name="CreateInstance" signature="()" line-rate="0" branch-rate="1" complexity="1">
              <lines>
                <line number="819" hits="0" branch="False" />
              </lines>
            </method>
          </methods>
          <lines>
            <line number="819" hits="0" branch="False" />
          </lines>
        </class>
        <class name="System.Text.RegularExpressions.Generated.&lt;RegexGenerator_g&gt;F5A90CCDA276098E254D2DABDB2E0C5ED759F5B110DCD5E26B1E44501C9F344FB__PlanNameRegex_4/RunnerFactory/Runner" filename="obj\Release\net10.0\System.Text.RegularExpressions.Generator\System.Text.RegularExpressions.Generator.RegexGenerator\RegexGenerator.g.cs" line-rate="0" branch-rate="0" complexity="34">
          <methods>
            <method name="Scan" signature="(System.ReadOnlySpan`1&lt;System.Char&gt;)" line-rate="0" branch-rate="0" complexity="4">
              <lines>
                <line number="829" hits="0" branch="True" condition-coverage="0% (0/4)">
                  <conditions>
                    <condition number="7" type="jump" coverage="0%" />
                    <condition number="16" type="jump" coverage="0%" />
                  </conditions>
                </line>
                <line number="831" hits="0" branch="False" />
                <line number="833" hits="0" branch="False" />
              </lines>
            </method>
            <method name="TryFindNextPossibleStartingPosition" signature="(System.ReadOnlySpan`1&lt;System.Char&gt;)" line-rate="0" branch-rate="0" complexity="4">
              <lines>
                <line number="840" hits="0" branch="False" />
                <line number="843" hits="0" branch="True" condition-coverage="0% (0/2)">
                  <conditions>
                    <condition number="15" type="jump" coverage="0%" />
                  </conditions>
                </line>
                <line number="846" hits="0" branch="True" condition-coverage="0% (0/2)">
                  <conditions>
                    <condition number="18" type="jump" coverage="0%" />
                  </conditions>
                </line>
                <line number="848" hits="0" branch="False" />
                <line number="853" hits="0" branch="False" />
                <line number="854" hits="0" branch="False" />
              </lines>
            </method>
            <method name="TryMatchAtCurrentPosition" signature="(System.ReadOnlySpan`1&lt;System.Char&gt;)" line-rate="0" branch-rate="0" complexity="26">
              <lines>
                <line number="862" hits="0" branch="False" />
                <line number="863" hits="0" branch="False" />
                <line number="864" hits="0" branch="False" />
                <line number="865" hits="0" branch="False" />
                <line number="866" hits="0" branch="False" />
                <line number="867" hits="0" branch="False" />
                <line number="870" hits="0" branch="True" condition-coverage="0% (0/2)">
                  <conditions>
                    <condition number="30" type="jump" coverage="0%" />
                  </conditions>
                </line>
                <line number="872" hits="0" branch="False" />
                <line number="877" hits="0" branch="False" />
                <line number="879" hits="0" branch="False" />
                <line number="880" hits="0" branch="True" condition-coverage="0% (0/2)">
                  <conditions>
                    <condition number="53" type="jump" coverage="0%" />
                  </conditions>
                </line>
                <line number="882" hits="0" branch="False" />
                <line number="885" hits="0" branch="True" condition-coverage="0% (0/2)">
                  <conditions>
                    <condition number="66" type="jump" coverage="0%" />
                  </conditions>
                </line>
                <line number="887" hits="0" branch="False" />
                <line number="890" hits="0" branch="False" />
                <line number="891" hits="0" branch="False" />
                <line number="893" hits="0" branch="False" />
                <line number="894" hits="0" branch="False" />
                <line number="895" hits="0" branch="False" />
                <line number="899" hits="0" branch="True" condition-coverage="0% (0/2)">
                  <conditions>
                    <condition number="99" type="jump" coverage="0%" />
                  </conditions>
                </line>
                <line number="901" hits="0" branch="False" />
                <line number="904" hits="0" branch="True" condition-coverage="0% (0/2)">
                  <conditions>
                    <condition number="109" type="jump" coverage="0%" />
                  </conditions>
                </line>
                <line number="906" hits="0" branch="False" />
                <line number="908" hits="0" branch="False" />
                <line number="909" hits="0" branch="False" />
                <line number="916" hits="0" branch="False" />
                <line number="919" hits="0" branch="False" />
                <line number="921" hits="0" branch="False" />
                <line number="924" hits="0" branch="True" condition-coverage="0% (0/4)">
                  <conditions>
                    <condition number="159" type="jump" coverage="0%" />
                    <condition number="175" type="jump" coverage="0%" />
                  </conditions>
                </line>
                <line number="931" hits="0" branch="False" />
                <line number="932" hits="0" branch="True" condition-coverage="0% (0/2)">
                  <conditions>
                    <condition number="200" type="jump" coverage="0%" />
                  </conditions>
                </line>
                <line number="934" hits="0" branch="False" />
                <line number="937" hits="0" branch="True" condition-coverage="0% (0/2)">
                  <conditions>
                    <condition number="215" type="jump" coverage="0%" />
                  </conditions>
                </line>
                <line number="942" hits="0" branch="False" />
                <line number="943" hits="0" branch="False" />
                <line number="946" hits="0" branch="False" />
                <line number="947" hits="0" branch="False" />
                <line number="950" hits="0" branch="False" />
                <line number="954" hits="0" branch="True" condition-coverage="0% (0/2)">
                  <conditions>
                    <condition number="257" type="jump" coverage="0%" />
                  </conditions>
                </line>
                <line number="959" hits="0" branch="False" />
                <line number="960" hits="0" branch="False" />
                <line number="965" hits="0" branch="True" condition-coverage="0% (0/6)">
                  <conditions>
                    <condition number="297" type="jump" coverage="0%" />
                    <condition number="320" type="jump" coverage="0%" />
                    <condition number="307" type="jump" coverage="0%" />
                  </conditions>
                </line>
                <line number="971" hits="0" branch="False" />
                <line number="972" hits="0" branch="False" />
                <line number="973" hits="0" branch="False" />
              </lines>
            </method>
          </methods>
          <lines>
            <line number="829" hits="0" branch="True" condition-coverage="0% (0/4)">
              <conditions>
                <condition number="7" type="jump" coverage="0%" />
                <condition number="16" type="jump" coverage="0%" />
              </conditions>
            </line>
            <line number="831" hits="0" branch="False" />
            <line number="833" hits="0" branch="False" />
            <line number="840" hits="0" branch="False" />
            <line number="843" hits="0" branch="True" condition-coverage="0% (0/2)">
              <conditions>
                <condition number="15" type="jump" coverage="0%" />
              </conditions>
            </line>
            <line number="846" hits="0" branch="True" condition-coverage="0% (0/2)">
              <conditions>
                <condition number="18" type="jump" coverage="0%" />
              </conditions>
            </line>
            <line number="848" hits="0" branch="False" />
            <line number="853" hits="0" branch="False" />
            <line number="854" hits="0" branch="False" />
            <line number="862" hits="0" branch="False" />
            <line number="863" hits="0" branch="False" />
            <line number="864" hits="0" branch="False" />
            <line number="865" hits="0" branch="False" />
            <line number="866" hits="0" branch="False" />
            <line number="867" hits="0" branch="False" />
            <line number="870" hits="0" branch="True" condition-coverage="0% (0/2)">
              <conditions>
                <condition number="30" type="jump" coverage="0%" />
              </conditions>
            </line>
            <line number="872" hits="0" branch="False" />
            <line number="877" hits="0" branch="False" />
            <line number="879" hits="0" branch="False" />
            <line number="880" hits="0" branch="True" condition-coverage="0% (0/2)">
              <conditions>
                <condition number="53" type="jump" coverage="0%" />
              </conditions>
            </line>
            <line number="882" hits="0" branch="False" />
            <line number="885" hits="0" branch="True" condition-coverage="0% (0/2)">
              <conditions>
                <condition number="66" type="jump" coverage="0%" />
              </conditions>
            </line>
            <line number="887" hits="0" branch="False" />
            <line number="890" hits="0" branch="False" />
            <line number="891" hits="0" branch="False" />
            <line number="893" hits="0" branch="False" />
            <line number="894" hits="0" branch="False" />
            <line number="895" hits="0" branch="False" />
            <line number="899" hits="0" branch="True" condition-coverage="0% (0/2)">
              <conditions>
                <condition number="99" type="jump" coverage="0%" />
              </conditions>
            </line>
            <line number="901" hits="0" branch="False" />
            <line number="904" hits="0" branch="True" condition-coverage="0% (0/2)">
              <conditions>
                <condition number="109" type="jump" coverage="0%" />
              </conditions>
            </line>
            <line number="906" hits="0" branch="False" />
            <line number="908" hits="0" branch="False" />
            <line number="909" hits="0" branch="False" />
            <line number="916" hits="0" branch="False" />
            <line number="919" hits="0" branch="False" />
            <line number="921" hits="0" branch="False" />
            <line number="924" hits="0" branch="True" condition-coverage="0% (0/4)">
              <conditions>
                <condition number="159" type="jump" coverage="0%" />
                <condition number="175" type="jump" coverage="0%" />
              </conditions>
            </line>
            <line number="931" hits="0" branch="False" />
            <line number="932" hits="0" branch="True" condition-coverage="0% (0/2)">
              <conditions>
                <condition number="200" type="jump" coverage="0%" />
              </conditions>
            </line>
            <line number="934" hits="0" branch="False" />
            <line number="937" hits="0" branch="True" condition-coverage="0% (0/2)">
              <conditions>
                <condition number="215" type="jump" coverage="0%" />
              </conditions>
            </line>
            <line number="942" hits="0" branch="False" />
            <line number="943" hits="0" branch="False" />
            <line number="946" hits="0" branch="False" />
            <line number="947" hits="0" branch="False" />
            <line number="950" hits="0" branch="False" />
            <line number="954" hits="0" branch="True" condition-coverage="0% (0/2)">
              <conditions>
                <condition number="257" type="jump" coverage="0%" />
              </conditions>
            </line>
            <line number="959" hits="0" branch="False" />
            <line number="960" hits="0" branch="False" />
            <line number="965" hits="0" branch="True" condition-coverage="0% (0/6)">
              <conditions>
                <condition number="297" type="jump" coverage="0%" />
                <condition number="320" type="jump" coverage="0%" />
                <condition number="307" type="jump" coverage="0%" />
              </conditions>
            </line>
            <line number="971" hits="0" branch="False" />
            <line number="972" hits="0" branch="False" />
            <line number="973" hits="0" branch="False" />
          </lines>
        </class>
        <class name="System.Text.RegularExpressions.Generated.&lt;RegexGenerator_g&gt;F5A90CCDA276098E254D2DABDB2E0C5ED759F5B110DCD5E26B1E44501C9F344FB__ProviderRegex_5" filename="obj\Release\net10.0\System.Text.RegularExpressions.Generator\System.Text.RegularExpressions.Generator.RegexGenerator\RegexGenerator.g.cs" line-rate="0" branch-rate="1" complexity="2">
          <methods>
            <method name=".ctor" signature="()" line-rate="0" branch-rate="1" complexity="1">
              <lines>
                <line number="988" hits="0" branch="False" />
                <line number="990" hits="0" branch="False" />
                <line number="991" hits="0" branch="False" />
                <line number="992" hits="0" branch="False" />
                <line number="993" hits="0" branch="False" />
                <line number="994" hits="0" branch="False" />
                <line number="995" hits="0" branch="False" />
                <line number="996" hits="0" branch="False" />
              </lines>
            </method>
            <method name=".cctor" signature="()" line-rate="0" branch-rate="1" complexity="1">
              <lines>
                <line number="985" hits="0" branch="False" />
              </lines>
            </method>
          </methods>
          <lines>
            <line number="988" hits="0" branch="False" />
            <line number="990" hits="0" branch="False" />
            <line number="991" hits="0" branch="False" />
            <line number="992" hits="0" branch="False" />
            <line number="993" hits="0" branch="False" />
            <line number="994" hits="0" branch="False" />
            <line number="995" hits="0" branch="False" />
            <line number="996" hits="0" branch="False" />
            <line number="985" hits="0" branch="False" />
          </lines>
        </class>
        <class name="System.Text.RegularExpressions.Generated.&lt;RegexGenerator_g&gt;F5A90CCDA276098E254D2DABDB2E0C5ED759F5B110DCD5E26B1E44501C9F344FB__ProviderRegex_5/RunnerFactory" filename="obj\Release\net10.0\System.Text.RegularExpressions.Generator\System.Text.RegularExpressions.Generator.RegexGenerator\RegexGenerator.g.cs" line-rate="0" branch-rate="1" complexity="1">
          <methods>
            <method name="CreateInstance" signature="()" line-rate="0" branch-rate="1" complexity="1">
              <lines>
                <line number="1002" hits="0" branch="False" />
              </lines>
            </method>
          </methods>
          <lines>
            <line number="1002" hits="0" branch="False" />
          </lines>
        </class>
        <class name="System.Text.RegularExpressions.Generated.&lt;RegexGenerator_g&gt;F5A90CCDA276098E254D2DABDB2E0C5ED759F5B110DCD5E26B1E44501C9F344FB__ProviderRegex_5/RunnerFactory/Runner" filename="obj\Release\net10.0\System.Text.RegularExpressions.Generator\System.Text.RegularExpressions.Generator.RegexGenerator\RegexGenerator.g.cs" line-rate="0" branch-rate="0" complexity="34">
          <methods>
            <method name="Scan" signature="(System.ReadOnlySpan`1&lt;System.Char&gt;)" line-rate="0" branch-rate="0" complexity="4">
              <lines>
                <line number="1012" hits="0" branch="True" condition-coverage="0% (0/4)">
                  <conditions>
                    <condition number="7" type="jump" coverage="0%" />
                    <condition number="16" type="jump" coverage="0%" />
                  </conditions>
                </line>
                <line number="1014" hits="0" branch="False" />
                <line number="1016" hits="0" branch="False" />
              </lines>
            </method>
            <method name="TryFindNextPossibleStartingPosition" signature="(System.ReadOnlySpan`1&lt;System.Char&gt;)" line-rate="0" branch-rate="0" complexity="4">
              <lines>
                <line number="1023" hits="0" branch="False" />
                <line number="1026" hits="0" branch="True" condition-coverage="0% (0/2)">
                  <conditions>
                    <condition number="15" type="jump" coverage="0%" />
                  </conditions>
                </line>
                <line number="1029" hits="0" branch="True" condition-coverage="0% (0/2)">
                  <conditions>
                    <condition number="18" type="jump" coverage="0%" />
                  </conditions>
                </line>
                <line number="1031" hits="0" branch="False" />
                <line number="1036" hits="0" branch="False" />
                <line number="1037" hits="0" branch="False" />
              </lines>
            </method>
            <method name="TryMatchAtCurrentPosition" signature="(System.ReadOnlySpan`1&lt;System.Char&gt;)" line-rate="0" branch-rate="0" complexity="26">
              <lines>
                <line number="1045" hits="0" branch="False" />
                <line number="1046" hits="0" branch="False" />
                <line number="1047" hits="0" branch="False" />
                <line number="1048" hits="0" branch="False" />
                <line number="1049" hits="0" branch="False" />
                <line number="1050" hits="0" branch="False" />
                <line number="1053" hits="0" branch="True" condition-coverage="0% (0/2)">
                  <conditions>
                    <condition number="30" type="jump" coverage="0%" />
                  </conditions>
                </line>
                <line number="1055" hits="0" branch="False" />
                <line number="1060" hits="0" branch="False" />
                <line number="1062" hits="0" branch="False" />
                <line number="1063" hits="0" branch="True" condition-coverage="0% (0/2)">
                  <conditions>
                    <condition number="53" type="jump" coverage="0%" />
                  </conditions>
                </line>
                <line number="1065" hits="0" branch="False" />
                <line number="1068" hits="0" branch="True" condition-coverage="0% (0/2)">
                  <conditions>
                    <condition number="66" type="jump" coverage="0%" />
                  </conditions>
                </line>
                <line number="1070" hits="0" branch="False" />
                <line number="1073" hits="0" branch="False" />
                <line number="1074" hits="0" branch="False" />
                <line number="1076" hits="0" branch="False" />
                <line number="1077" hits="0" branch="False" />
                <line number="1078" hits="0" branch="False" />
                <line number="1082" hits="0" branch="True" condition-coverage="0% (0/2)">
                  <conditions>
                    <condition number="99" type="jump" coverage="0%" />
                  </conditions>
                </line>
                <line number="1084" hits="0" branch="False" />
                <line number="1087" hits="0" branch="True" condition-coverage="0% (0/2)">
                  <conditions>
                    <condition number="109" type="jump" coverage="0%" />
                  </conditions>
                </line>
                <line number="1089" hits="0" branch="False" />
                <line number="1091" hits="0" branch="False" />
                <line number="1092" hits="0" branch="False" />
                <line number="1099" hits="0" branch="False" />
                <line number="1102" hits="0" branch="False" />
                <line number="1104" hits="0" branch="False" />
                <line number="1107" hits="0" branch="True" condition-coverage="0% (0/4)">
                  <conditions>
                    <condition number="159" type="jump" coverage="0%" />
                    <condition number="175" type="jump" coverage="0%" />
                  </conditions>
                </line>
                <line number="1114" hits="0" branch="False" />
                <line number="1115" hits="0" branch="True" condition-coverage="0% (0/2)">
                  <conditions>
                    <condition number="200" type="jump" coverage="0%" />
                  </conditions>
                </line>
                <line number="1117" hits="0" branch="False" />
                <line number="1120" hits="0" branch="True" condition-coverage="0% (0/2)">
                  <conditions>
                    <condition number="215" type="jump" coverage="0%" />
                  </conditions>
                </line>
                <line number="1125" hits="0" branch="False" />
                <line number="1126" hits="0" branch="False" />
                <line number="1129" hits="0" branch="False" />
                <line number="1130" hits="0" branch="False" />
                <line number="1133" hits="0" branch="False" />
                <line number="1137" hits="0" branch="True" condition-coverage="0% (0/2)">
                  <conditions>
                    <condition number="257" type="jump" coverage="0%" />
                  </conditions>
                </line>
                <line number="1142" hits="0" branch="False" />
                <line number="1143" hits="0" branch="False" />
                <line number="1148" hits="0" branch="True" condition-coverage="0% (0/6)">
                  <conditions>
                    <condition number="297" type="jump" coverage="0%" />
                    <condition number="320" type="jump" coverage="0%" />
                    <condition number="307" type="jump" coverage="0%" />
                  </conditions>
                </line>
                <line number="1154" hits="0" branch="False" />
                <line number="1155" hits="0" branch="False" />
                <line number="1156" hits="0" branch="False" />
              </lines>
            </method>
          </methods>
          <lines>
            <line number="1012" hits="0" branch="True" condition-coverage="0% (0/4)">
              <conditions>
                <condition number="7" type="jump" coverage="0%" />
                <condition number="16" type="jump" coverage="0%" />
              </conditions>
            </line>
            <line number="1014" hits="0" branch="False" />
            <line number="1016" hits="0" branch="False" />
            <line number="1023" hits="0" branch="False" />
            <line number="1026" hits="0" branch="True" condition-coverage="0% (0/2)">
              <conditions>
                <condition number="15" type="jump" coverage="0%" />
              </conditions>
            </line>
            <line number="1029" hits="0" branch="True" condition-coverage="0% (0/2)">
              <conditions>
                <condition number="18" type="jump" coverage="0%" />
              </conditions>
            </line>
            <line number="1031" hits="0" branch="False" />
            <line number="1036" hits="0" branch="False" />
            <line number="1037" hits="0" branch="False" />
            <line number="1045" hits="0" branch="False" />
            <line number="1046" hits="0" branch="False" />
            <line number="1047" hits="0" branch="False" />
            <line number="1048" hits="0" branch="False" />
            <line number="1049" hits="0" branch="False" />
            <line number="1050" hits="0" branch="False" />
            <line number="1053" hits="0" branch="True" condition-coverage="0% (0/2)">
              <conditions>
                <condition number="30" type="jump" coverage="0%" />
              </conditions>
            </line>
            <line number="1055" hits="0" branch="False" />
            <line number="1060" hits="0" branch="False" />
            <line number="1062" hits="0" branch="False" />
            <line number="1063" hits="0" branch="True" condition-coverage="0% (0/2)">
              <conditions>
                <condition number="53" type="jump" coverage="0%" />
              </conditions>
            </line>
            <line number="1065" hits="0" branch="False" />
            <line number="1068" hits="0" branch="True" condition-coverage="0% (0/2)">
              <conditions>
                <condition number="66" type="jump" coverage="0%" />
              </conditions>
            </line>
            <line number="1070" hits="0" branch="False" />
            <line number="1073" hits="0" branch="False" />
            <line number="1074" hits="0" branch="False" />
            <line number="1076" hits="0" branch="False" />
            <line number="1077" hits="0" branch="False" />
            <line number="1078" hits="0" branch="False" />
            <line number="1082" hits="0" branch="True" condition-coverage="0% (0/2)">
              <conditions>
                <condition number="99" type="jump" coverage="0%" />
              </conditions>
            </line>
            <line number="1084" hits="0" branch="False" />
            <line number="1087" hits="0" branch="True" condition-coverage="0% (0/2)">
              <conditions>
                <condition number="109" type="jump" coverage="0%" />
              </conditions>
            </line>
            <line number="1089" hits="0" branch="False" />
            <line number="1091" hits="0" branch="False" />
            <line number="1092" hits="0" branch="False" />
            <line number="1099" hits="0" branch="False" />
            <line number="1102" hits="0" branch="False" />
            <line number="1104" hits="0" branch="False" />
            <line number="1107" hits="0" branch="True" condition-coverage="0% (0/4)">
              <conditions>
                <condition number="159" type="jump" coverage="0%" />
                <condition number="175" type="jump" coverage="0%" />
              </conditions>
            </line>
            <line number="1114" hits="0" branch="False" />
            <line number="1115" hits="0" branch="True" condition-coverage="0% (0/2)">
              <conditions>
                <condition number="200" type="jump" coverage="0%" />
              </conditions>
            </line>
            <line number="1117" hits="0" branch="False" />
            <line number="1120" hits="0" branch="True" condition-coverage="0% (0/2)">
              <conditions>
                <condition number="215" type="jump" coverage="0%" />
              </conditions>
            </line>
            <line number="1125" hits="0" branch="False" />
            <line number="1126" hits="0" branch="False" />
            <line number="1129" hits="0" branch="False" />
            <line number="1130" hits="0" branch="False" />
[...]
                  </conditions>
                </line>
                <line number="73" hits="0" branch="False" />
                <line number="74" hits="0" branch="False" />
                <line number="75" hits="0" branch="False" />
                <line number="76" hits="0" branch="False" />
                <line number="78" hits="0" branch="False" />
              </lines>
            </method>
            <method name="ValidateDescription" signature="(System.String)" line-rate="0" branch-rate="0" complexity="4">
              <lines>
                <line number="83" hits="0" branch="True" condition-coverage="0% (0/2)">
                  <conditions>
                    <condition number="6" type="jump" coverage="0%" />
                  </conditions>
                </line>
                <line number="84" hits="0" branch="False" />
                <line number="86" hits="0" branch="False" />
                <line number="88" hits="0" branch="True" condition-coverage="0% (0/2)">
                  <conditions>
                    <condition number="27" type="jump" coverage="0%" />
                  </conditions>
                </line>
                <line number="89" hits="0" branch="False" />
                <line number="90" hits="0" branch="False" />
                <line number="91" hits="0" branch="False" />
                <line number="92" hits="0" branch="False" />
                <line number="94" hits="0" branch="False" />
              </lines>
            </method>
            <method name=".ctor" signature="()" line-rate="0" branch-rate="1" complexity="1">
              <lines>
                <line number="11" hits="0" branch="False" />
                <line number="34" hits="0" branch="False" />
              </lines>
            </method>
            <method name=".ctor" signature="(System.Guid,System.String,System.String)" line-rate="0" branch-rate="1" complexity="1">
              <lines>
                <line number="13" hits="0" branch="False" />
                <line number="15" hits="0" branch="False" />
                <line number="16" hits="0" branch="False" />
                <line number="17" hits="0" branch="False" />
                <line number="19" hits="0" branch="False" />
                <line number="20" hits="0" branch="False" />
              </lines>
            </method>
          </methods>
          <lines>
            <line number="9" hits="0" branch="False" />
            <line number="22" hits="0" branch="False" />
            <line number="24" hits="0" branch="False" />
            <line number="25" hits="0" branch="False" />
            <line number="27" hits="0" branch="False" />
            <line number="28" hits="0" branch="False" />
            <line number="30" hits="0" branch="False" />
            <line number="31" hits="0" branch="False" />
            <line number="33" hits="0" branch="False" />
            <line number="38" hits="0" branch="False" />
            <line number="40" hits="0" branch="True" condition-coverage="0% (0/2)">
              <conditions>
                <condition number="19" type="jump" coverage="0%" />
              </conditions>
            </line>
            <line number="41" hits="0" branch="False" />
            <line number="43" hits="0" branch="False" />
            <line number="44" hits="0" branch="False" />
            <line number="45" hits="0" branch="False" />
            <line number="49" hits="0" branch="False" />
            <line number="51" hits="0" branch="True" condition-coverage="0% (0/2)">
              <conditions>
                <condition number="19" type="jump" coverage="0%" />
              </conditions>
            </line>
            <line number="52" hits="0" branch="False" />
            <line number="54" hits="0" branch="False" />
            <line number="55" hits="0" branch="False" />
            <line number="56" hits="0" branch="False" />
            <line number="60" hits="0" branch="True" condition-coverage="0% (0/2)">
              <conditions>
                <condition number="6" type="jump" coverage="0%" />
              </conditions>
            </line>
            <line number="61" hits="0" branch="False" />
            <line number="63" hits="0" branch="False" />
            <line number="64" hits="0" branch="False" />
            <line number="66" hits="0" branch="True" condition-coverage="0% (0/4)">
              <conditions>
                <condition number="40" type="jump" coverage="0%" />
                <condition number="45" type="jump" coverage="0%" />
              </conditions>
            </line>
            <line number="67" hits="0" branch="False" />
            <line number="68" hits="0" branch="False" />
            <line number="69" hits="0" branch="False" />
            <line number="70" hits="0" branch="False" />
            <line number="72" hits="0" branch="True" condition-coverage="0% (0/2)">
              <conditions>
                <condition number="139" type="jump" coverage="0%" />
              </conditions>
            </line>
            <line number="73" hits="0" branch="False" />
            <line number="74" hits="0" branch="False" />
            <line number="75" hits="0" branch="False" />
            <line number="76" hits="0" branch="False" />
            <line number="78" hits="0" branch="False" />
            <line number="83" hits="0" branch="True" condition-coverage="0% (0/2)">
              <conditions>
                <condition number="6" type="jump" coverage="0%" />
              </conditions>
            </line>
            <line number="84" hits="0" branch="False" />
            <line number="86" hits="0" branch="False" />
            <line number="88" hits="0" branch="True" condition-coverage="0% (0/2)">
              <conditions>
                <condition number="27" type="jump" coverage="0%" />
              </conditions>
            </line>
            <line number="89" hits="0" branch="False" />
            <line number="90" hits="0" branch="False" />
            <line number="91" hits="0" branch="False" />
            <line number="92" hits="0" branch="False" />
            <line number="94" hits="0" branch="False" />
            <line number="11" hits="0" branch="False" />
            <line number="34" hits="0" branch="False" />
            <line number="13" hits="0" branch="False" />
            <line number="15" hits="0" branch="False" />
            <line number="16" hits="0" branch="False" />
            <line number="17" hits="0" branch="False" />
            <line number="19" hits="0" branch="False" />
            <line number="20" hits="0" branch="False" />
          </lines>
        </class>
        <class name="EduTracker.Domain.Entities.Academics.Semester" filename="Entities\Academics\Semester.cs" line-rate="0.8332999999999999" branch-rate="1" complexity="15">
          <methods>
            <method name="get_AuditState" signature="()" line-rate="1" branch-rate="1" complexity="1">
              <lines>
                <line number="9" hits="8" branch="False" />
              </lines>
            </method>
            <method name="get_Id" signature="()" line-rate="1" branch-rate="1" complexity="1">
              <lines>
                <line number="21" hits="5" branch="False" />
              </lines>
            </method>
            <method name="get_CreatedAt" signature="()" line-rate="0" branch-rate="1" complexity="1">
              <lines>
                <line number="23" hits="0" branch="False" />
              </lines>
            </method>
            <method name="get_UpdatedAt" signature="()" line-rate="0" branch-rate="1" complexity="1">
              <lines>
                <line number="24" hits="0" branch="False" />
              </lines>
            </method>
            <method name="get_OrganizationId" signature="()" line-rate="1" branch-rate="1" complexity="1">
              <lines>
                <line number="26" hits="5" branch="False" />
              </lines>
            </method>
            <method name="get_Organization" signature="()" line-rate="0" branch-rate="1" complexity="1">
              <lines>
                <line number="27" hits="0" branch="False" />
              </lines>
            </method>
            <method name="get_StartYear" signature="()" line-rate="1" branch-rate="1" complexity="1">
              <lines>
                <line number="29" hits="9" branch="False" />
              </lines>
            </method>
            <method name="get_EndYear" signature="()" line-rate="1" branch-rate="1" complexity="1">
              <lines>
                <line number="30" hits="2" branch="False" />
              </lines>
            </method>
            <method name="get_Session" signature="()" line-rate="1" branch-rate="1" complexity="1">
              <lines>
                <line number="31" hits="1" branch="False" />
              </lines>
            </method>
            <method name="ValidateStartYear" signature="(System.Int32)" line-rate="1" branch-rate="1" complexity="4">
              <lines>
                <line number="35" hits="5" branch="False" />
                <line number="37" hits="5" branch="False" />
                <line number="38" hits="5" branch="False" />
                <line number="40" hits="5" branch="True" condition-coverage="100% (4/4)">
                  <conditions>
                    <condition number="23" type="jump" coverage="100%" />
                    <condition number="27" type="jump" coverage="100%" />
                  </conditions>
                </line>
                <line number="41" hits="2" branch="False" />
                <line number="42" hits="2" branch="False" />
                <line number="43" hits="2" branch="False" />
                <line number="44" hits="2" branch="False" />
                <line number="46" hits="3" branch="False" />
              </lines>
            </method>
            <method name=".ctor" signature="()" line-rate="0" branch-rate="1" complexity="1">
              <lines>
                <line number="11" hits="0" branch="False" />
              </lines>
            </method>
            <method name=".ctor" signature="(System.Guid,System.Int32)" line-rate="1" branch-rate="1" complexity="1">
              <lines>
                <line number="13" hits="5" branch="False" />
                <line number="15" hits="5" branch="False" />
                <line number="16" hits="5" branch="False" />
                <line number="18" hits="3" branch="False" />
                <line number="19" hits="3" branch="False" />
              </lines>
            </method>
          </methods>
          <lines>
            <line number="9" hits="8" branch="False" />
            <line number="21" hits="5" branch="False" />
            <line number="23" hits="0" branch="False" />
            <line number="24" hits="0" branch="False" />
            <line number="26" hits="5" branch="False" />
            <line number="27" hits="0" branch="False" />
            <line number="29" hits="9" branch="False" />
            <line number="30" hits="2" branch="False" />
            <line number="31" hits="1" branch="False" />
            <line number="35" hits="5" branch="False" />
            <line number="37" hits="5" branch="False" />
            <line number="38" hits="5" branch="False" />
            <line number="40" hits="5" branch="True" condition-coverage="100% (4/4)">
              <conditions>
                <condition number="23" type="jump" coverage="100%" />
                <condition number="27" type="jump" coverage="100%" />
              </conditions>
            </line>
            <line number="41" hits="2" branch="False" />
            <line number="42" hits="2" branch="False" />
            <line number="43" hits="2" branch="False" />
            <line number="44" hits="2" branch="False" />
            <line number="46" hits="3" branch="False" />
            <line number="11" hits="0" branch="False" />
            <line number="13" hits="5" branch="False" />
            <line number="15" hits="5" branch="False" />
            <line number="16" hits="5" branch="False" />
            <line number="18" hits="3" branch="False" />
            <line number="19" hits="3" branch="False" />
          </lines>
        </class>
        <class name="EduTracker.Domain.Entities.Academics.Term" filename="Entities\Academics\Term.cs" line-rate="0" branch-rate="0" complexity="13">
          <methods>
            <method name="get_AuditState" signature="()" line-rate="0" branch-rate="1" complexity="1">
              <lines>
                <line number="8" hits="0" branch="False" />
              </lines>
            </method>
            <method name="get_Id" signature="()" line-rate="0" branch-rate="1" complexity="1">
              <lines>
                <line number="20" hits="0" branch="False" />
              </lines>
            </method>
            <method name="get_CreatedAt" signature="()" line-rate="0" branch-rate="1" complexity="1">
              <lines>
                <line number="22" hits="0" branch="False" />
              </lines>
            </method>
            <method name="get_UpdatedAt" signature="()" line-rate="0" branch-rate="1" complexity="1">
              <lines>
                <line number="23" hits="0" branch="False" />
              </lines>
            </method>
            <method name="get_SemesterId" signature="()" line-rate="0" branch-rate="1" complexity="1">
              <lines>
                <line number="25" hits="0" branch="False" />
              </lines>
            </method>
            <method name="get_Semester" signature="()" line-rate="0" branch-rate="1" complexity="1">
              <lines>
                <line number="26" hits="0" branch="False" />
              </lines>
            </method>
            <method name="get_Ordinal" signature="()" line-rate="0" branch-rate="1" complexity="1">
              <lines>
                <line number="28" hits="0" branch="False" />
              </lines>
            </method>
            <method name="ValidateOrdinalNumber" signature="(System.Int32)" line-rate="0" branch-rate="0" complexity="4">
              <lines>
                <line number="32" hits="0" branch="True" condition-coverage="0% (0/4)">
                  <conditions>
                    <condition number="2" type="jump" coverage="0%" />
                    <condition number="6" type="jump" coverage="0%" />
                  </conditions>
                </line>
                <line number="33" hits="0" branch="False" />
                <line number="34" hits="0" branch="False" />
                <line number="35" hits="0" branch="False" />
                <line number="36" hits="0" branch="False" />
                <line number="38" hits="0" branch="False" />
              </lines>
            </method>
            <method name=".ctor" signature="()" line-rate="0" branch-rate="1" complexity="1">
              <lines>
                <line number="10" hits="0" branch="False" />
              </lines>
            </method>
            <method name=".ctor" signature="(System.Guid,System.Int32)" line-rate="0" branch-rate="1" complexity="1">
              <lines>
                <line number="12" hits="0" branch="False" />
                <line number="14" hits="0" branch="False" />
                <line number="15" hits="0" branch="False" />
                <line number="17" hits="0" branch="False" />
                <line number="18" hits="0" branch="False" />
              </lines>
            </method>
          </methods>
          <lines>
            <line number="8" hits="0" branch="False" />
            <line number="20" hits="0" branch="False" />
            <line number="22" hits="0" branch="False" />
            <line number="23" hits="0" branch="False" />
            <line number="25" hits="0" branch="False" />
            <line number="26" hits="0" branch="False" />
            <line number="28" hits="0" branch="False" />
            <line number="32" hits="0" branch="True" condition-coverage="0% (0/4)">
              <conditions>
                <condition number="2" type="jump" coverage="0%" />
                <condition number="6" type="jump" coverage="0%" />
              </conditions>
            </line>
            <line number="33" hits="0" branch="False" />
            <line number="34" hits="0" branch="False" />
            <line number="35" hits="0" branch="False" />
            <line number="36" hits="0" branch="False" />
            <line number="38" hits="0" branch="False" />
            <line number="10" hits="0" branch="False" />
            <line number="12" hits="0" branch="False" />
            <line number="14" hits="0" branch="False" />
            <line number="15" hits="0" branch="False" />
            <line number="17" hits="0" branch="False" />
            <line number="18" hits="0" branch="False" />
          </lines>
        </class>
        <class name="EduTracker.Domain.Components.Security.SensitiveDataState`1" filename="Components\Security\SensitiveDataState.cs" line-rate="0.2" branch-rate="1" complexity="5">
          <methods>
            <method name="get_EncryptedData" signature="()" line-rate="1" branch-rate="1" complexity="1">
              <lines>
                <line number="6" hits="21" branch="False" />
              </lines>
            </method>
            <method name="get_SensitiveData" signature="()" line-rate="0" branch-rate="1" complexity="1">
              <lines>
                <line number="7" hits="0" branch="False" />
              </lines>
            </method>
            <method name="SetEncryptedData" signature="(System.Byte[])" line-rate="0" branch-rate="1" complexity="1">
              <lines>
                <line number="9" hits="0" branch="False" />
              </lines>
            </method>
            <method name="SetSensitiveData" signature="(TSensitive)" line-rate="0" branch-rate="1" complexity="1">
              <lines>
                <line number="11" hits="0" branch="False" />
              </lines>
            </method>
            <method name="ClearSensitiveData" signature="()" line-rate="0" branch-rate="1" complexity="1">
              <lines>
                <line number="12" hits="0" branch="False" />
              </lines>
            </method>
          </methods>
          <lines>
            <line number="6" hits="21" branch="False" />
            <line number="7" hits="0" branch="False" />
            <line number="9" hits="0" branch="False" />
            <line number="11" hits="0" branch="False" />
            <line number="12" hits="0" branch="False" />
          </lines>
        </class>
        <class name="EduTracker.Domain.Components.Auditing.AuditState" filename="Components\Auditing\AuditState.cs" line-rate="1" branch-rate="1" complexity="3">
          <methods>
            <method name="get_CreatedAt" signature="()" line-rate="1" branch-rate="1" complexity="1">
              <lines>
                <line number="5" hits="59" branch="False" />
              </lines>
            </method>
            <method name="get_UpdatedAt" signature="()" line-rate="1" branch-rate="1" complexity="1">
              <lines>
                <line number="6" hits="124" branch="False" />
              </lines>
            </method>
            <method name="UpdateAudit" signature="()" line-rate="1" branch-rate="1" complexity="1">
              <lines>
                <line number="8" hits="41" branch="False" />
              </lines>
            </method>
          </methods>
          <lines>
            <line number="5" hits="59" branch="False" />
            <line number="6" hits="124" branch="False" />
            <line number="8" hits="41" branch="False" />
          </lines>
        </class>
      </classes>
    </package>
  </packages>
</coverage>